{"C:\\Darbai\\6 semestras\\WebPII\\owly-backend\\config\\config.js": {"path":"C:\\Darbai\\6 semestras\\WebPII\\owly-backend\\config\\config.js","statementMap":{"0":{"start":{"line":1,"column":0},"end":{"line":1,"column":27}},"1":{"start":{"line":2,"column":0},"end":{"line":17,"column":2}}},"fnMap":{},"branchMap":{},"s":{"0":2,"1":2},"f":{},"b":{},"_coverageSchema":"1a1c01bbd47fc00a2c39e90264f33305004495a9","hash":"2720df4b202cacecf955d22619b051c7a46dd2b6"}
,"C:\\Darbai\\6 semestras\\WebPII\\owly-backend\\controllers\\activitiesController.js": {"path":"C:\\Darbai\\6 semestras\\WebPII\\owly-backend\\controllers\\activitiesController.js","statementMap":{"0":{"start":{"line":1,"column":17},"end":{"line":1,"column":45}},"1":{"start":{"line":2,"column":19},"end":{"line":2,"column":49}},"2":{"start":{"line":10,"column":4},"end":{"line":10,"column":24}},"3":{"start":{"line":11,"column":15},"end":{"line":11,"column":35}},"4":{"start":{"line":12,"column":15},"end":{"line":12,"column":32}},"5":{"start":{"line":13,"column":13},"end":{"line":13,"column":28}},"6":{"start":{"line":14,"column":34},"end":{"line":14,"column":78}},"7":{"start":{"line":17,"column":16},"end":{"line":27,"column":2}},"8":{"start":{"line":19,"column":4},"end":{"line":19,"column":45}},"9":{"start":{"line":22,"column":4},"end":{"line":25,"column":6}},"10":{"start":{"line":29,"column":15},"end":{"line":31,"column":1}},"11":{"start":{"line":34,"column":0},"end":{"line":34,"column":67}},"12":{"start":{"line":36,"column":0},"end":{"line":39,"column":3}},"13":{"start":{"line":37,"column":2},"end":{"line":37,"column":71}},"14":{"start":{"line":38,"column":2},"end":{"line":38,"column":9}},"15":{"start":{"line":41,"column":0},"end":{"line":67,"column":3}},"16":{"start":{"line":42,"column":23},"end":{"line":42,"column":33}},"17":{"start":{"line":44,"column":17},"end":{"line":60,"column":4}},"18":{"start":{"line":62,"column":2},"end":{"line":64,"column":3}},"19":{"start":{"line":63,"column":4},"end":{"line":63,"column":80}},"20":{"start":{"line":66,"column":2},"end":{"line":66,"column":67}},"21":{"start":{"line":69,"column":0},"end":{"line":111,"column":2}},"22":{"start":{"line":70,"column":35},"end":{"line":70,"column":45}},"23":{"start":{"line":72,"column":17},"end":{"line":72,"column":48}},"24":{"start":{"line":74,"column":2},"end":{"line":76,"column":3}},"25":{"start":{"line":75,"column":4},"end":{"line":75,"column":80}},"26":{"start":{"line":78,"column":19},"end":{"line":100,"column":4}},"27":{"start":{"line":102,"column":2},"end":{"line":109,"column":3}},"28":{"start":{"line":103,"column":4},"end":{"line":108,"column":6}},"29":{"start":{"line":110,"column":2},"end":{"line":110,"column":47}},"30":{"start":{"line":113,"column":0},"end":{"line":135,"column":3}},"31":{"start":{"line":114,"column":25},"end":{"line":114,"column":35}},"32":{"start":{"line":116,"column":21},"end":{"line":123,"column":4}},"33":{"start":{"line":125,"column":2},"end":{"line":132,"column":3}},"34":{"start":{"line":126,"column":4},"end":{"line":131,"column":6}},"35":{"start":{"line":134,"column":2},"end":{"line":134,"column":9}},"36":{"start":{"line":137,"column":0},"end":{"line":166,"column":3}},"37":{"start":{"line":138,"column":25},"end":{"line":138,"column":54}},"38":{"start":{"line":140,"column":19},"end":{"line":140,"column":47}},"39":{"start":{"line":143,"column":2},"end":{"line":163,"column":3}},"40":{"start":{"line":144,"column":26},"end":{"line":148,"column":6}},"41":{"start":{"line":149,"column":28},"end":{"line":149,"column":64}},"42":{"start":{"line":149,"column":56},"end":{"line":149,"column":63}},"43":{"start":{"line":150,"column":27},"end":{"line":152,"column":5}},"44":{"start":{"line":151,"column":14},"end":{"line":151,"column":43}},"45":{"start":{"line":153,"column":4},"end":{"line":162,"column":5}},"46":{"start":{"line":154,"column":6},"end":{"line":161,"column":8}},"47":{"start":{"line":165,"column":2},"end":{"line":165,"column":9}},"48":{"start":{"line":168,"column":0},"end":{"line":195,"column":3}},"49":{"start":{"line":169,"column":29},"end":{"line":169,"column":37}},"50":{"start":{"line":170,"column":2},"end":{"line":170,"column":33}},"51":{"start":{"line":171,"column":23},"end":{"line":176,"column":3}},"52":{"start":{"line":178,"column":22},"end":{"line":190,"column":4}},"53":{"start":{"line":179,"column":21},"end":{"line":179,"column":76}},"54":{"start":{"line":181,"column":4},"end":{"line":181,"column":80}},"55":{"start":{"line":181,"column":47},"end":{"line":181,"column":80}},"56":{"start":{"line":182,"column":32},"end":{"line":185,"column":7}},"57":{"start":{"line":182,"column":61},"end":{"line":185,"column":5}},"58":{"start":{"line":187,"column":4},"end":{"line":187,"column":73}},"59":{"start":{"line":189,"column":4},"end":{"line":189,"column":20}},"60":{"start":{"line":192,"column":2},"end":{"line":194,"column":5}},"61":{"start":{"line":197,"column":0},"end":{"line":243,"column":3}},"62":{"start":{"line":198,"column":35},"end":{"line":198,"column":45}},"63":{"start":{"line":200,"column":17},"end":{"line":200,"column":48}},"64":{"start":{"line":202,"column":2},"end":{"line":204,"column":3}},"65":{"start":{"line":203,"column":4},"end":{"line":203,"column":80}},"66":{"start":{"line":206,"column":27},"end":{"line":213,"column":4}},"67":{"start":{"line":215,"column":2},"end":{"line":222,"column":3}},"68":{"start":{"line":216,"column":4},"end":{"line":221,"column":6}},"69":{"start":{"line":224,"column":2},"end":{"line":240,"column":5}},"70":{"start":{"line":225,"column":4},"end":{"line":225,"column":71}},"71":{"start":{"line":227,"column":4},"end":{"line":239,"column":5}},"72":{"start":{"line":228,"column":6},"end":{"line":231,"column":9}},"73":{"start":{"line":233,"column":29},"end":{"line":236,"column":9}},"74":{"start":{"line":233,"column":55},"end":{"line":236,"column":7}},"75":{"start":{"line":238,"column":6},"end":{"line":238,"column":65}},"76":{"start":{"line":242,"column":2},"end":{"line":242,"column":27}},"77":{"start":{"line":245,"column":0},"end":{"line":274,"column":3}},"78":{"start":{"line":246,"column":35},"end":{"line":246,"column":45}},"79":{"start":{"line":248,"column":17},"end":{"line":248,"column":48}},"80":{"start":{"line":250,"column":2},"end":{"line":252,"column":3}},"81":{"start":{"line":251,"column":4},"end":{"line":251,"column":80}},"82":{"start":{"line":254,"column":27},"end":{"line":261,"column":4}},"83":{"start":{"line":263,"column":2},"end":{"line":270,"column":3}},"84":{"start":{"line":264,"column":4},"end":{"line":269,"column":6}},"85":{"start":{"line":271,"column":2},"end":{"line":271,"column":35}},"86":{"start":{"line":273,"column":2},"end":{"line":273,"column":27}}},"fnMap":{"0":{"name":"(anonymous_0)","decl":{"start":{"line":18,"column":15},"end":{"line":18,"column":16}},"loc":{"start":{"line":18,"column":40},"end":{"line":20,"column":3}},"line":18},"1":{"name":"(anonymous_1)","decl":{"start":{"line":21,"column":12},"end":{"line":21,"column":13}},"loc":{"start":{"line":21,"column":37},"end":{"line":26,"column":3}},"line":21},"2":{"name":"(anonymous_2)","decl":{"start":{"line":36,"column":37},"end":{"line":36,"column":38}},"loc":{"start":{"line":36,"column":63},"end":{"line":39,"column":1}},"line":36},"3":{"name":"(anonymous_3)","decl":{"start":{"line":41,"column":38},"end":{"line":41,"column":39}},"loc":{"start":{"line":41,"column":64},"end":{"line":67,"column":1}},"line":41},"4":{"name":"(anonymous_4)","decl":{"start":{"line":69,"column":22},"end":{"line":69,"column":23}},"loc":{"start":{"line":69,"column":48},"end":{"line":111,"column":1}},"line":69},"5":{"name":"(anonymous_5)","decl":{"start":{"line":113,"column":47},"end":{"line":113,"column":48}},"loc":{"start":{"line":113,"column":73},"end":{"line":135,"column":1}},"line":113},"6":{"name":"(anonymous_6)","decl":{"start":{"line":137,"column":44},"end":{"line":137,"column":45}},"loc":{"start":{"line":137,"column":70},"end":{"line":166,"column":1}},"line":137},"7":{"name":"(anonymous_7)","decl":{"start":{"line":149,"column":46},"end":{"line":149,"column":47}},"loc":{"start":{"line":149,"column":56},"end":{"line":149,"column":63}},"line":149},"8":{"name":"(anonymous_8)","decl":{"start":{"line":151,"column":6},"end":{"line":151,"column":7}},"loc":{"start":{"line":151,"column":14},"end":{"line":151,"column":43}},"line":151},"9":{"name":"(anonymous_9)","decl":{"start":{"line":168,"column":36},"end":{"line":168,"column":37}},"loc":{"start":{"line":168,"column":62},"end":{"line":195,"column":1}},"line":168},"10":{"name":"(anonymous_10)","decl":{"start":{"line":178,"column":50},"end":{"line":178,"column":51}},"loc":{"start":{"line":178,"column":63},"end":{"line":190,"column":3}},"line":178},"11":{"name":"(anonymous_11)","decl":{"start":{"line":182,"column":51},"end":{"line":182,"column":52}},"loc":{"start":{"line":182,"column":61},"end":{"line":185,"column":5}},"line":182},"12":{"name":"(anonymous_12)","decl":{"start":{"line":197,"column":36},"end":{"line":197,"column":37}},"loc":{"start":{"line":197,"column":62},"end":{"line":243,"column":1}},"line":197},"13":{"name":"(anonymous_13)","decl":{"start":{"line":224,"column":30},"end":{"line":224,"column":31}},"loc":{"start":{"line":224,"column":43},"end":{"line":240,"column":3}},"line":224},"14":{"name":"(anonymous_14)","decl":{"start":{"line":233,"column":43},"end":{"line":233,"column":44}},"loc":{"start":{"line":233,"column":55},"end":{"line":236,"column":7}},"line":233},"15":{"name":"(anonymous_15)","decl":{"start":{"line":245,"column":36},"end":{"line":245,"column":37}},"loc":{"start":{"line":245,"column":62},"end":{"line":274,"column":1}},"line":245}},"branchMap":{"0":{"loc":{"start":{"line":62,"column":2},"end":{"line":64,"column":3}},"type":"if","locations":[{"start":{"line":62,"column":2},"end":{"line":64,"column":3}},{"start":{},"end":{}}],"line":62},"1":{"loc":{"start":{"line":74,"column":2},"end":{"line":76,"column":3}},"type":"if","locations":[{"start":{"line":74,"column":2},"end":{"line":76,"column":3}},{"start":{},"end":{}}],"line":74},"2":{"loc":{"start":{"line":102,"column":2},"end":{"line":109,"column":3}},"type":"if","locations":[{"start":{"line":102,"column":2},"end":{"line":109,"column":3}},{"start":{},"end":{}}],"line":102},"3":{"loc":{"start":{"line":125,"column":2},"end":{"line":132,"column":3}},"type":"if","locations":[{"start":{"line":125,"column":2},"end":{"line":132,"column":3}},{"start":{},"end":{}}],"line":125},"4":{"loc":{"start":{"line":125,"column":6},"end":{"line":125,"column":70}},"type":"binary-expr","locations":[{"start":{"line":125,"column":6},"end":{"line":125,"column":17}},{"start":{"line":125,"column":21},"end":{"line":125,"column":70}}],"line":125},"5":{"loc":{"start":{"line":138,"column":25},"end":{"line":138,"column":54}},"type":"binary-expr","locations":[{"start":{"line":138,"column":25},"end":{"line":138,"column":48}},{"start":{"line":138,"column":52},"end":{"line":138,"column":54}}],"line":138},"6":{"loc":{"start":{"line":143,"column":2},"end":{"line":163,"column":3}},"type":"if","locations":[{"start":{"line":143,"column":2},"end":{"line":163,"column":3}},{"start":{},"end":{}}],"line":143},"7":{"loc":{"start":{"line":143,"column":6},"end":{"line":143,"column":37}},"type":"binary-expr","locations":[{"start":{"line":143,"column":6},"end":{"line":143,"column":14}},{"start":{"line":143,"column":18},"end":{"line":143,"column":37}}],"line":143},"8":{"loc":{"start":{"line":153,"column":4},"end":{"line":162,"column":5}},"type":"if","locations":[{"start":{"line":153,"column":4},"end":{"line":162,"column":5}},{"start":{},"end":{}}],"line":153},"9":{"loc":{"start":{"line":173,"column":14},"end":{"line":173,"column":54}},"type":"cond-expr","locations":[{"start":{"line":173,"column":43},"end":{"line":173,"column":47}},{"start":{"line":173,"column":50},"end":{"line":173,"column":54}}],"line":173},"10":{"loc":{"start":{"line":181,"column":4},"end":{"line":181,"column":80}},"type":"if","locations":[{"start":{"line":181,"column":4},"end":{"line":181,"column":80}},{"start":{},"end":{}}],"line":181},"11":{"loc":{"start":{"line":202,"column":2},"end":{"line":204,"column":3}},"type":"if","locations":[{"start":{"line":202,"column":2},"end":{"line":204,"column":3}},{"start":{},"end":{}}],"line":202},"12":{"loc":{"start":{"line":215,"column":2},"end":{"line":222,"column":3}},"type":"if","locations":[{"start":{"line":215,"column":2},"end":{"line":222,"column":3}},{"start":{},"end":{}}],"line":215},"13":{"loc":{"start":{"line":227,"column":4},"end":{"line":239,"column":5}},"type":"if","locations":[{"start":{"line":227,"column":4},"end":{"line":239,"column":5}},{"start":{},"end":{}}],"line":227},"14":{"loc":{"start":{"line":227,"column":8},"end":{"line":227,"column":41}},"type":"binary-expr","locations":[{"start":{"line":227,"column":8},"end":{"line":227,"column":17}},{"start":{"line":227,"column":21},"end":{"line":227,"column":41}}],"line":227},"15":{"loc":{"start":{"line":250,"column":2},"end":{"line":252,"column":3}},"type":"if","locations":[{"start":{"line":250,"column":2},"end":{"line":252,"column":3}},{"start":{},"end":{}}],"line":250},"16":{"loc":{"start":{"line":263,"column":2},"end":{"line":270,"column":3}},"type":"if","locations":[{"start":{"line":263,"column":2},"end":{"line":270,"column":3}},{"start":{},"end":{}}],"line":263}},"s":{"0":1,"1":1,"2":1,"3":1,"4":1,"5":1,"6":1,"7":1,"8":0,"9":0,"10":1,"11":1,"12":1,"13":0,"14":0,"15":1,"16":2,"17":2,"18":2,"19":1,"20":1,"21":1,"22":3,"23":3,"24":3,"25":1,"26":2,"27":2,"28":1,"29":1,"30":1,"31":3,"32":3,"33":3,"34":2,"35":1,"36":1,"37":4,"38":4,"39":4,"40":2,"41":2,"42":4,"43":2,"44":6,"45":2,"46":1,"47":3,"48":1,"49":0,"50":0,"51":0,"52":0,"53":0,"54":0,"55":0,"56":0,"57":0,"58":0,"59":0,"60":0,"61":1,"62":0,"63":0,"64":0,"65":0,"66":0,"67":0,"68":0,"69":0,"70":0,"71":0,"72":0,"73":0,"74":0,"75":0,"76":0,"77":1,"78":0,"79":0,"80":0,"81":0,"82":0,"83":0,"84":0,"85":0,"86":0},"f":{"0":0,"1":0,"2":0,"3":2,"4":3,"5":3,"6":4,"7":4,"8":6,"9":0,"10":0,"11":0,"12":0,"13":0,"14":0,"15":0},"b":{"0":[1,1],"1":[1,2],"2":[1,1],"3":[2,1],"4":[3,1],"5":[4,1],"6":[2,2],"7":[4,4],"8":[1,1],"9":[0,0],"10":[0,0],"11":[0,0],"12":[0,0],"13":[0,0],"14":[0,0],"15":[0,0],"16":[0,0]},"_coverageSchema":"1a1c01bbd47fc00a2c39e90264f33305004495a9","hash":"be0c4f0605b2ebf3e12a3df574d1a03f563b3830"}
,"C:\\Darbai\\6 semestras\\WebPII\\owly-backend\\controllers\\meetingController.js": {"path":"C:\\Darbai\\6 semestras\\WebPII\\owly-backend\\controllers\\meetingController.js","statementMap":{"0":{"start":{"line":1,"column":57},"end":{"line":1,"column":77}},"1":{"start":{"line":2,"column":15},"end":{"line":2,"column":35}},"2":{"start":{"line":3,"column":19},"end":{"line":3,"column":49}},"3":{"start":{"line":4,"column":17},"end":{"line":4,"column":45}},"4":{"start":{"line":5,"column":15},"end":{"line":5,"column":32}},"5":{"start":{"line":6,"column":13},"end":{"line":6,"column":28}},"6":{"start":{"line":7,"column":34},"end":{"line":7,"column":78}},"7":{"start":{"line":10,"column":16},"end":{"line":17,"column":2}},"8":{"start":{"line":12,"column":4},"end":{"line":12,"column":45}},"9":{"start":{"line":15,"column":4},"end":{"line":15,"column":76}},"10":{"start":{"line":19,"column":15},"end":{"line":21,"column":1}},"11":{"start":{"line":24,"column":0},"end":{"line":24,"column":67}},"12":{"start":{"line":26,"column":0},"end":{"line":29,"column":3}},"13":{"start":{"line":27,"column":2},"end":{"line":27,"column":62}},"14":{"start":{"line":28,"column":2},"end":{"line":28,"column":9}},"15":{"start":{"line":31,"column":0},"end":{"line":67,"column":3}},"16":{"start":{"line":32,"column":28},"end":{"line":32,"column":38}},"17":{"start":{"line":34,"column":18},"end":{"line":59,"column":4}},"18":{"start":{"line":61,"column":2},"end":{"line":64,"column":6}},"19":{"start":{"line":62,"column":4},"end":{"line":64,"column":6}},"20":{"start":{"line":66,"column":2},"end":{"line":66,"column":45}},"21":{"start":{"line":69,"column":0},"end":{"line":83,"column":3}},"22":{"start":{"line":71,"column":4},"end":{"line":75,"column":10}},"23":{"start":{"line":77,"column":19},"end":{"line":80,"column":4}},"24":{"start":{"line":82,"column":2},"end":{"line":82,"column":37}},"25":{"start":{"line":85,"column":0},"end":{"line":115,"column":3}},"26":{"start":{"line":86,"column":26},"end":{"line":86,"column":56}},"27":{"start":{"line":87,"column":21},"end":{"line":87,"column":46}},"28":{"start":{"line":89,"column":19},"end":{"line":89,"column":67}},"29":{"start":{"line":92,"column":2},"end":{"line":112,"column":3}},"30":{"start":{"line":93,"column":26},"end":{"line":97,"column":6}},"31":{"start":{"line":98,"column":28},"end":{"line":98,"column":64}},"32":{"start":{"line":98,"column":56},"end":{"line":98,"column":63}},"33":{"start":{"line":99,"column":27},"end":{"line":101,"column":5}},"34":{"start":{"line":100,"column":14},"end":{"line":100,"column":43}},"35":{"start":{"line":102,"column":4},"end":{"line":111,"column":5}},"36":{"start":{"line":103,"column":6},"end":{"line":110,"column":8}},"37":{"start":{"line":114,"column":2},"end":{"line":114,"column":9}},"38":{"start":{"line":118,"column":0},"end":{"line":148,"column":3}},"39":{"start":{"line":119,"column":25},"end":{"line":119,"column":33}},"40":{"start":{"line":121,"column":22},"end":{"line":124,"column":3}},"41":{"start":{"line":126,"column":21},"end":{"line":142,"column":4}},"42":{"start":{"line":127,"column":27},"end":{"line":129,"column":6}},"43":{"start":{"line":131,"column":4},"end":{"line":131,"column":72}},"44":{"start":{"line":131,"column":43},"end":{"line":131,"column":72}},"45":{"start":{"line":133,"column":20},"end":{"line":137,"column":7}},"46":{"start":{"line":133,"column":50},"end":{"line":137,"column":5}},"47":{"start":{"line":139,"column":4},"end":{"line":139,"column":62}},"48":{"start":{"line":141,"column":4},"end":{"line":141,"column":26}},"49":{"start":{"line":144,"column":2},"end":{"line":147,"column":5}},"50":{"start":{"line":150,"column":0},"end":{"line":164,"column":3}},"51":{"start":{"line":151,"column":17},"end":{"line":157,"column":4}},"52":{"start":{"line":159,"column":2},"end":{"line":161,"column":3}},"53":{"start":{"line":160,"column":4},"end":{"line":160,"column":77}},"54":{"start":{"line":163,"column":2},"end":{"line":163,"column":9}},"55":{"start":{"line":166,"column":0},"end":{"line":216,"column":3}},"56":{"start":{"line":167,"column":22},"end":{"line":167,"column":30}},"57":{"start":{"line":168,"column":28},"end":{"line":168,"column":38}},"58":{"start":{"line":169,"column":26},"end":{"line":169,"column":56}},"59":{"start":{"line":170,"column":21},"end":{"line":170,"column":46}},"60":{"start":{"line":171,"column":29},"end":{"line":171,"column":77}},"61":{"start":{"line":173,"column":26},"end":{"line":173,"column":77}},"62":{"start":{"line":174,"column":2},"end":{"line":176,"column":3}},"63":{"start":{"line":175,"column":4},"end":{"line":175,"column":77}},"64":{"start":{"line":179,"column":2},"end":{"line":212,"column":5}},"65":{"start":{"line":180,"column":4},"end":{"line":180,"column":73}},"66":{"start":{"line":183,"column":4},"end":{"line":186,"column":7}},"67":{"start":{"line":188,"column":4},"end":{"line":196,"column":5}},"68":{"start":{"line":189,"column":35},"end":{"line":193,"column":9}},"69":{"start":{"line":189,"column":78},"end":{"line":193,"column":7}},"70":{"start":{"line":195,"column":6},"end":{"line":195,"column":77}},"71":{"start":{"line":199,"column":4},"end":{"line":211,"column":5}},"72":{"start":{"line":200,"column":6},"end":{"line":203,"column":9}},"73":{"start":{"line":205,"column":29},"end":{"line":208,"column":9}},"74":{"start":{"line":205,"column":55},"end":{"line":208,"column":7}},"75":{"start":{"line":210,"column":6},"end":{"line":210,"column":65}},"76":{"start":{"line":214,"column":2},"end":{"line":214,"column":62}},"77":{"start":{"line":215,"column":2},"end":{"line":215,"column":27}}},"fnMap":{"0":{"name":"(anonymous_0)","decl":{"start":{"line":11,"column":15},"end":{"line":11,"column":16}},"loc":{"start":{"line":11,"column":40},"end":{"line":13,"column":3}},"line":11},"1":{"name":"(anonymous_1)","decl":{"start":{"line":14,"column":12},"end":{"line":14,"column":13}},"loc":{"start":{"line":14,"column":37},"end":{"line":16,"column":3}},"line":14},"2":{"name":"(anonymous_2)","decl":{"start":{"line":26,"column":37},"end":{"line":26,"column":38}},"loc":{"start":{"line":26,"column":63},"end":{"line":29,"column":1}},"line":26},"3":{"name":"(anonymous_3)","decl":{"start":{"line":31,"column":32},"end":{"line":31,"column":33}},"loc":{"start":{"line":31,"column":58},"end":{"line":67,"column":1}},"line":31},"4":{"name":"(anonymous_4)","decl":{"start":{"line":69,"column":36},"end":{"line":69,"column":37}},"loc":{"start":{"line":69,"column":62},"end":{"line":83,"column":1}},"line":69},"5":{"name":"(anonymous_5)","decl":{"start":{"line":85,"column":43},"end":{"line":85,"column":44}},"loc":{"start":{"line":85,"column":69},"end":{"line":115,"column":1}},"line":85},"6":{"name":"(anonymous_6)","decl":{"start":{"line":98,"column":46},"end":{"line":98,"column":47}},"loc":{"start":{"line":98,"column":56},"end":{"line":98,"column":63}},"line":98},"7":{"name":"(anonymous_7)","decl":{"start":{"line":100,"column":6},"end":{"line":100,"column":7}},"loc":{"start":{"line":100,"column":14},"end":{"line":100,"column":43}},"line":100},"8":{"name":"(anonymous_8)","decl":{"start":{"line":118,"column":35},"end":{"line":118,"column":36}},"loc":{"start":{"line":118,"column":61},"end":{"line":148,"column":1}},"line":118},"9":{"name":"(anonymous_9)","decl":{"start":{"line":126,"column":49},"end":{"line":126,"column":50}},"loc":{"start":{"line":126,"column":62},"end":{"line":142,"column":3}},"line":126},"10":{"name":"(anonymous_10)","decl":{"start":{"line":133,"column":35},"end":{"line":133,"column":36}},"loc":{"start":{"line":133,"column":50},"end":{"line":137,"column":5}},"line":133},"11":{"name":"(anonymous_11)","decl":{"start":{"line":150,"column":45},"end":{"line":150,"column":46}},"loc":{"start":{"line":150,"column":71},"end":{"line":164,"column":1}},"line":150},"12":{"name":"(anonymous_12)","decl":{"start":{"line":166,"column":35},"end":{"line":166,"column":36}},"loc":{"start":{"line":166,"column":61},"end":{"line":216,"column":1}},"line":166},"13":{"name":"(anonymous_13)","decl":{"start":{"line":179,"column":30},"end":{"line":179,"column":31}},"loc":{"start":{"line":179,"column":43},"end":{"line":212,"column":3}},"line":179},"14":{"name":"(anonymous_14)","decl":{"start":{"line":189,"column":58},"end":{"line":189,"column":59}},"loc":{"start":{"line":189,"column":78},"end":{"line":193,"column":7}},"line":189},"15":{"name":"(anonymous_15)","decl":{"start":{"line":205,"column":43},"end":{"line":205,"column":44}},"loc":{"start":{"line":205,"column":55},"end":{"line":208,"column":7}},"line":205}},"branchMap":{"0":{"loc":{"start":{"line":61,"column":2},"end":{"line":64,"column":6}},"type":"if","locations":[{"start":{"line":61,"column":2},"end":{"line":64,"column":6}},{"start":{},"end":{}}],"line":61},"1":{"loc":{"start":{"line":71,"column":4},"end":{"line":75,"column":10}},"type":"cond-expr","locations":[{"start":{"line":72,"column":8},"end":{"line":74,"column":27}},{"start":{"line":75,"column":8},"end":{"line":75,"column":10}}],"line":71},"2":{"loc":{"start":{"line":72,"column":8},"end":{"line":74,"column":27}},"type":"cond-expr","locations":[{"start":{"line":73,"column":10},"end":{"line":73,"column":41}},{"start":{"line":74,"column":10},"end":{"line":74,"column":27}}],"line":72},"3":{"loc":{"start":{"line":86,"column":26},"end":{"line":86,"column":56}},"type":"binary-expr","locations":[{"start":{"line":86,"column":26},"end":{"line":86,"column":50}},{"start":{"line":86,"column":54},"end":{"line":86,"column":56}}],"line":86},"4":{"loc":{"start":{"line":87,"column":21},"end":{"line":87,"column":46}},"type":"binary-expr","locations":[{"start":{"line":87,"column":21},"end":{"line":87,"column":40}},{"start":{"line":87,"column":44},"end":{"line":87,"column":46}}],"line":87},"5":{"loc":{"start":{"line":92,"column":2},"end":{"line":112,"column":3}},"type":"if","locations":[{"start":{"line":92,"column":2},"end":{"line":112,"column":3}},{"start":{},"end":{}}],"line":92},"6":{"loc":{"start":{"line":92,"column":6},"end":{"line":92,"column":37}},"type":"binary-expr","locations":[{"start":{"line":92,"column":6},"end":{"line":92,"column":14}},{"start":{"line":92,"column":18},"end":{"line":92,"column":37}}],"line":92},"7":{"loc":{"start":{"line":102,"column":4},"end":{"line":111,"column":5}},"type":"if","locations":[{"start":{"line":102,"column":4},"end":{"line":111,"column":5}},{"start":{},"end":{}}],"line":102},"8":{"loc":{"start":{"line":131,"column":4},"end":{"line":131,"column":72}},"type":"if","locations":[{"start":{"line":131,"column":4},"end":{"line":131,"column":72}},{"start":{},"end":{}}],"line":131},"9":{"loc":{"start":{"line":159,"column":2},"end":{"line":161,"column":3}},"type":"if","locations":[{"start":{"line":159,"column":2},"end":{"line":161,"column":3}},{"start":{},"end":{}}],"line":159},"10":{"loc":{"start":{"line":169,"column":26},"end":{"line":169,"column":56}},"type":"binary-expr","locations":[{"start":{"line":169,"column":26},"end":{"line":169,"column":50}},{"start":{"line":169,"column":54},"end":{"line":169,"column":56}}],"line":169},"11":{"loc":{"start":{"line":170,"column":21},"end":{"line":170,"column":46}},"type":"binary-expr","locations":[{"start":{"line":170,"column":21},"end":{"line":170,"column":40}},{"start":{"line":170,"column":44},"end":{"line":170,"column":46}}],"line":170},"12":{"loc":{"start":{"line":174,"column":2},"end":{"line":176,"column":3}},"type":"if","locations":[{"start":{"line":174,"column":2},"end":{"line":176,"column":3}},{"start":{},"end":{}}],"line":174},"13":{"loc":{"start":{"line":188,"column":4},"end":{"line":196,"column":5}},"type":"if","locations":[{"start":{"line":188,"column":4},"end":{"line":196,"column":5}},{"start":{},"end":{}}],"line":188},"14":{"loc":{"start":{"line":188,"column":8},"end":{"line":188,"column":59}},"type":"binary-expr","locations":[{"start":{"line":188,"column":8},"end":{"line":188,"column":26}},{"start":{"line":188,"column":30},"end":{"line":188,"column":59}}],"line":188},"15":{"loc":{"start":{"line":199,"column":4},"end":{"line":211,"column":5}},"type":"if","locations":[{"start":{"line":199,"column":4},"end":{"line":211,"column":5}},{"start":{},"end":{}}],"line":199},"16":{"loc":{"start":{"line":199,"column":8},"end":{"line":199,"column":41}},"type":"binary-expr","locations":[{"start":{"line":199,"column":8},"end":{"line":199,"column":17}},{"start":{"line":199,"column":21},"end":{"line":199,"column":41}}],"line":199}},"s":{"0":1,"1":1,"2":1,"3":1,"4":1,"5":1,"6":1,"7":1,"8":0,"9":0,"10":1,"11":1,"12":1,"13":0,"14":0,"15":1,"16":2,"17":2,"18":2,"19":1,"20":1,"21":1,"22":3,"23":3,"24":3,"25":1,"26":2,"27":2,"28":2,"29":2,"30":2,"31":2,"32":7,"33":2,"34":10,"35":2,"36":1,"37":1,"38":1,"39":0,"40":0,"41":0,"42":0,"43":0,"44":0,"45":0,"46":0,"47":0,"48":0,"49":0,"50":1,"51":2,"52":2,"53":1,"54":1,"55":1,"56":0,"57":0,"58":0,"59":0,"60":0,"61":0,"62":0,"63":0,"64":0,"65":0,"66":0,"67":0,"68":0,"69":0,"70":0,"71":0,"72":0,"73":0,"74":0,"75":0,"76":0,"77":0},"f":{"0":0,"1":0,"2":0,"3":2,"4":3,"5":2,"6":7,"7":10,"8":0,"9":0,"10":0,"11":2,"12":0,"13":0,"14":0,"15":0},"b":{"0":[1,1],"1":[2,1],"2":[1,1],"3":[2,0],"4":[2,0],"5":[2,0],"6":[2,2],"7":[1,1],"8":[0,0],"9":[1,1],"10":[0,0],"11":[0,0],"12":[0,0],"13":[0,0],"14":[0,0],"15":[0,0],"16":[0,0]},"_coverageSchema":"1a1c01bbd47fc00a2c39e90264f33305004495a9","hash":"da359f10eac79d18e142c50b53d72faef4021bb2"}
,"C:\\Darbai\\6 semestras\\WebPII\\owly-backend\\models\\activity.js": {"path":"C:\\Darbai\\6 semestras\\WebPII\\owly-backend\\models\\activity.js","statementMap":{"0":{"start":{"line":1,"column":18},"end":{"line":1,"column":38}},"1":{"start":{"line":3,"column":0},"end":{"line":84,"column":2}},"2":{"start":{"line":6,"column":6},"end":{"line":6,"column":58}},"3":{"start":{"line":7,"column":6},"end":{"line":7,"column":75}},"4":{"start":{"line":8,"column":6},"end":{"line":8,"column":77}},"5":{"start":{"line":9,"column":6},"end":{"line":9,"column":51}},"6":{"start":{"line":12,"column":2},"end":{"line":82,"column":4}},"7":{"start":{"line":34,"column":26},"end":{"line":34,"column":36}},"8":{"start":{"line":35,"column":30},"end":{"line":35,"column":45}},"9":{"start":{"line":36,"column":12},"end":{"line":37,"column":71}},"10":{"start":{"line":37,"column":14},"end":{"line":37,"column":71}},"11":{"start":{"line":47,"column":30},"end":{"line":47,"column":45}},"12":{"start":{"line":48,"column":12},"end":{"line":49,"column":78}},"13":{"start":{"line":49,"column":14},"end":{"line":49,"column":78}},"14":{"start":{"line":83,"column":2},"end":{"line":83,"column":18}}},"fnMap":{"0":{"name":"(anonymous_0)","decl":{"start":{"line":3,"column":17},"end":{"line":3,"column":18}},"loc":{"start":{"line":3,"column":43},"end":{"line":84,"column":1}},"line":3},"1":{"name":"(anonymous_1)","decl":{"start":{"line":5,"column":4},"end":{"line":5,"column":5}},"loc":{"start":{"line":5,"column":58},"end":{"line":10,"column":5}},"line":5},"2":{"name":"(anonymous_2)","decl":{"start":{"line":33,"column":10},"end":{"line":33,"column":11}},"loc":{"start":{"line":33,"column":41},"end":{"line":38,"column":11}},"line":33},"3":{"name":"(anonymous_3)","decl":{"start":{"line":46,"column":10},"end":{"line":46,"column":11}},"loc":{"start":{"line":46,"column":48},"end":{"line":50,"column":11}},"line":46}},"branchMap":{"0":{"loc":{"start":{"line":36,"column":12},"end":{"line":37,"column":71}},"type":"if","locations":[{"start":{"line":36,"column":12},"end":{"line":37,"column":71}},{"start":{},"end":{}}],"line":36},"1":{"loc":{"start":{"line":48,"column":12},"end":{"line":49,"column":78}},"type":"if","locations":[{"start":{"line":48,"column":12},"end":{"line":49,"column":78}},{"start":{},"end":{}}],"line":48}},"s":{"0":2,"1":2,"2":2,"3":2,"4":2,"5":2,"6":2,"7":0,"8":0,"9":0,"10":0,"11":0,"12":0,"13":0,"14":2},"f":{"0":2,"1":2,"2":0,"3":0},"b":{"0":[0,0],"1":[0,0]},"_coverageSchema":"1a1c01bbd47fc00a2c39e90264f33305004495a9","hash":"0f7bb85f251a09b393eafb21aeb763ea5259d50e"}
,"C:\\Darbai\\6 semestras\\WebPII\\owly-backend\\models\\image.js": {"path":"C:\\Darbai\\6 semestras\\WebPII\\owly-backend\\models\\image.js","statementMap":{"0":{"start":{"line":2,"column":18},"end":{"line":2,"column":38}},"1":{"start":{"line":3,"column":0},"end":{"line":42,"column":2}},"2":{"start":{"line":9,"column":6},"end":{"line":9,"column":30}},"3":{"start":{"line":10,"column":6},"end":{"line":10,"column":31}},"4":{"start":{"line":13,"column":2},"end":{"line":40,"column":4}},"5":{"start":{"line":41,"column":2},"end":{"line":41,"column":15}}},"fnMap":{"0":{"name":"(anonymous_0)","decl":{"start":{"line":3,"column":17},"end":{"line":3,"column":18}},"loc":{"start":{"line":3,"column":43},"end":{"line":42,"column":1}},"line":3},"1":{"name":"(anonymous_1)","decl":{"start":{"line":8,"column":4},"end":{"line":8,"column":5}},"loc":{"start":{"line":8,"column":44},"end":{"line":11,"column":5}},"line":8}},"branchMap":{},"s":{"0":2,"1":2,"2":2,"3":2,"4":2,"5":2},"f":{"0":2,"1":2},"b":{},"_coverageSchema":"1a1c01bbd47fc00a2c39e90264f33305004495a9","hash":"b77f7f4484b2a762550f1636f1ac56a4e2796272"}
,"C:\\Darbai\\6 semestras\\WebPII\\owly-backend\\models\\index.js": {"path":"C:\\Darbai\\6 semestras\\WebPII\\owly-backend\\models\\index.js","statementMap":{"0":{"start":{"line":3,"column":11},"end":{"line":3,"column":24}},"1":{"start":{"line":4,"column":13},"end":{"line":4,"column":28}},"2":{"start":{"line":5,"column":18},"end":{"line":5,"column":38}},"3":{"start":{"line":6,"column":16},"end":{"line":6,"column":34}},"4":{"start":{"line":7,"column":17},"end":{"line":7,"column":42}},"5":{"start":{"line":8,"column":12},"end":{"line":8,"column":49}},"6":{"start":{"line":9,"column":15},"end":{"line":9,"column":75}},"7":{"start":{"line":10,"column":11},"end":{"line":10,"column":13}},"8":{"start":{"line":13,"column":0},"end":{"line":22,"column":1}},"9":{"start":{"line":14,"column":2},"end":{"line":14,"column":74}},"10":{"start":{"line":16,"column":2},"end":{"line":21,"column":4}},"11":{"start":{"line":24,"column":0},"end":{"line":36,"column":5}},"12":{"start":{"line":26,"column":4},"end":{"line":28,"column":6}},"13":{"start":{"line":31,"column":18},"end":{"line":34,"column":5}},"14":{"start":{"line":35,"column":4},"end":{"line":35,"column":27}},"15":{"start":{"line":38,"column":0},"end":{"line":42,"column":3}},"16":{"start":{"line":39,"column":2},"end":{"line":41,"column":3}},"17":{"start":{"line":40,"column":4},"end":{"line":40,"column":32}},"18":{"start":{"line":44,"column":0},"end":{"line":44,"column":25}},"19":{"start":{"line":45,"column":0},"end":{"line":45,"column":25}},"20":{"start":{"line":47,"column":0},"end":{"line":47,"column":20}}},"fnMap":{"0":{"name":"(anonymous_0)","decl":{"start":{"line":25,"column":10},"end":{"line":25,"column":11}},"loc":{"start":{"line":25,"column":20},"end":{"line":29,"column":3}},"line":25},"1":{"name":"(anonymous_1)","decl":{"start":{"line":30,"column":11},"end":{"line":30,"column":12}},"loc":{"start":{"line":30,"column":21},"end":{"line":36,"column":3}},"line":30},"2":{"name":"(anonymous_2)","decl":{"start":{"line":38,"column":24},"end":{"line":38,"column":25}},"loc":{"start":{"line":38,"column":39},"end":{"line":42,"column":1}},"line":38}},"branchMap":{"0":{"loc":{"start":{"line":8,"column":12},"end":{"line":8,"column":49}},"type":"binary-expr","locations":[{"start":{"line":8,"column":12},"end":{"line":8,"column":32}},{"start":{"line":8,"column":36},"end":{"line":8,"column":49}}],"line":8},"1":{"loc":{"start":{"line":13,"column":0},"end":{"line":22,"column":1}},"type":"if","locations":[{"start":{"line":13,"column":0},"end":{"line":22,"column":1}},{"start":{"line":15,"column":7},"end":{"line":22,"column":1}}],"line":13},"2":{"loc":{"start":{"line":27,"column":6},"end":{"line":27,"column":78}},"type":"binary-expr","locations":[{"start":{"line":27,"column":6},"end":{"line":27,"column":29}},{"start":{"line":27,"column":33},"end":{"line":27,"column":50}},{"start":{"line":27,"column":54},"end":{"line":27,"column":78}}],"line":27},"3":{"loc":{"start":{"line":39,"column":2},"end":{"line":41,"column":3}},"type":"if","locations":[{"start":{"line":39,"column":2},"end":{"line":41,"column":3}},{"start":{},"end":{}}],"line":39}},"s":{"0":2,"1":2,"2":2,"3":2,"4":2,"5":2,"6":2,"7":2,"8":2,"9":0,"10":2,"11":2,"12":20,"13":18,"14":18,"15":2,"16":18,"17":16,"18":2,"19":2,"20":2},"f":{"0":20,"1":18,"2":18},"b":{"0":[2,0],"1":[0,2],"2":[20,20,18],"3":[16,2]},"_coverageSchema":"1a1c01bbd47fc00a2c39e90264f33305004495a9","hash":"6db6b21ba2ecbb7a006eb21353735bd952c91fc8"}
,"C:\\Darbai\\6 semestras\\WebPII\\owly-backend\\models\\meeting.js": {"path":"C:\\Darbai\\6 semestras\\WebPII\\owly-backend\\models\\meeting.js","statementMap":{"0":{"start":{"line":2,"column":18},"end":{"line":2,"column":38}},"1":{"start":{"line":4,"column":0},"end":{"line":92,"column":2}},"2":{"start":{"line":7,"column":6},"end":{"line":7,"column":26}},"3":{"start":{"line":8,"column":6},"end":{"line":11,"column":9}},"4":{"start":{"line":13,"column":6},"end":{"line":21,"column":9}},"5":{"start":{"line":24,"column":2},"end":{"line":90,"column":4}},"6":{"start":{"line":41,"column":26},"end":{"line":41,"column":36}},"7":{"start":{"line":42,"column":30},"end":{"line":42,"column":45}},"8":{"start":{"line":43,"column":12},"end":{"line":44,"column":71}},"9":{"start":{"line":44,"column":14},"end":{"line":44,"column":71}},"10":{"start":{"line":55,"column":30},"end":{"line":55,"column":45}},"11":{"start":{"line":56,"column":12},"end":{"line":57,"column":71}},"12":{"start":{"line":57,"column":14},"end":{"line":57,"column":71}},"13":{"start":{"line":91,"column":2},"end":{"line":91,"column":17}}},"fnMap":{"0":{"name":"(anonymous_0)","decl":{"start":{"line":4,"column":17},"end":{"line":4,"column":18}},"loc":{"start":{"line":4,"column":43},"end":{"line":92,"column":1}},"line":4},"1":{"name":"(anonymous_1)","decl":{"start":{"line":6,"column":4},"end":{"line":6,"column":5}},"loc":{"start":{"line":6,"column":38},"end":{"line":22,"column":5}},"line":6},"2":{"name":"(anonymous_2)","decl":{"start":{"line":40,"column":10},"end":{"line":40,"column":11}},"loc":{"start":{"line":40,"column":41},"end":{"line":45,"column":11}},"line":40},"3":{"name":"(anonymous_3)","decl":{"start":{"line":54,"column":10},"end":{"line":54,"column":11}},"loc":{"start":{"line":54,"column":41},"end":{"line":58,"column":11}},"line":54}},"branchMap":{"0":{"loc":{"start":{"line":43,"column":12},"end":{"line":44,"column":71}},"type":"if","locations":[{"start":{"line":43,"column":12},"end":{"line":44,"column":71}},{"start":{},"end":{}}],"line":43},"1":{"loc":{"start":{"line":56,"column":12},"end":{"line":57,"column":71}},"type":"if","locations":[{"start":{"line":56,"column":12},"end":{"line":57,"column":71}},{"start":{},"end":{}}],"line":56}},"s":{"0":2,"1":2,"2":2,"3":2,"4":2,"5":2,"6":0,"7":0,"8":0,"9":0,"10":0,"11":0,"12":0,"13":2},"f":{"0":2,"1":2,"2":0,"3":0},"b":{"0":[0,0],"1":[0,0]},"_coverageSchema":"1a1c01bbd47fc00a2c39e90264f33305004495a9","hash":"66049965f97ce20c2971c9ca397448e07069c198"}
,"C:\\Darbai\\6 semestras\\WebPII\\owly-backend\\models\\participant.js": {"path":"C:\\Darbai\\6 semestras\\WebPII\\owly-backend\\models\\participant.js","statementMap":{"0":{"start":{"line":1,"column":18},"end":{"line":1,"column":38}},"1":{"start":{"line":3,"column":0},"end":{"line":40,"column":2}},"2":{"start":{"line":9,"column":2},"end":{"line":38,"column":4}},"3":{"start":{"line":39,"column":2},"end":{"line":39,"column":21}}},"fnMap":{"0":{"name":"(anonymous_0)","decl":{"start":{"line":3,"column":17},"end":{"line":3,"column":18}},"loc":{"start":{"line":3,"column":43},"end":{"line":40,"column":1}},"line":3},"1":{"name":"(anonymous_1)","decl":{"start":{"line":5,"column":4},"end":{"line":5,"column":5}},"loc":{"start":{"line":5,"column":29},"end":{"line":7,"column":5}},"line":5}},"branchMap":{},"s":{"0":2,"1":2,"2":2,"3":2},"f":{"0":2,"1":2},"b":{},"_coverageSchema":"1a1c01bbd47fc00a2c39e90264f33305004495a9","hash":"625cdfad57333e58afc1ddf62fe5039b7cfc5450"}
,"C:\\Darbai\\6 semestras\\WebPII\\owly-backend\\models\\resswordreset.js": {"path":"C:\\Darbai\\6 semestras\\WebPII\\owly-backend\\models\\resswordreset.js","statementMap":{"0":{"start":{"line":2,"column":18},"end":{"line":2,"column":38}},"1":{"start":{"line":3,"column":0},"end":{"line":29,"column":2}},"2":{"start":{"line":6,"column":2},"end":{"line":27,"column":4}},"3":{"start":{"line":28,"column":2},"end":{"line":28,"column":23}}},"fnMap":{"0":{"name":"(anonymous_0)","decl":{"start":{"line":3,"column":17},"end":{"line":3,"column":18}},"loc":{"start":{"line":3,"column":43},"end":{"line":29,"column":1}},"line":3}},"branchMap":{},"s":{"0":2,"1":2,"2":2,"3":2},"f":{"0":2},"b":{},"_coverageSchema":"1a1c01bbd47fc00a2c39e90264f33305004495a9","hash":"315f2275593b226ac91bc678a5006c25d5721859"}
,"C:\\Darbai\\6 semestras\\WebPII\\owly-backend\\models\\school.js": {"path":"C:\\Darbai\\6 semestras\\WebPII\\owly-backend\\models\\school.js","statementMap":{"0":{"start":{"line":2,"column":18},"end":{"line":2,"column":38}},"1":{"start":{"line":3,"column":0},"end":{"line":36,"column":2}},"2":{"start":{"line":6,"column":6},"end":{"line":6,"column":54}},"3":{"start":{"line":7,"column":6},"end":{"line":7,"column":29}},"4":{"start":{"line":10,"column":2},"end":{"line":34,"column":4}},"5":{"start":{"line":35,"column":2},"end":{"line":35,"column":16}}},"fnMap":{"0":{"name":"(anonymous_0)","decl":{"start":{"line":3,"column":17},"end":{"line":3,"column":18}},"loc":{"start":{"line":3,"column":43},"end":{"line":36,"column":1}},"line":3},"1":{"name":"(anonymous_1)","decl":{"start":{"line":5,"column":4},"end":{"line":5,"column":5}},"loc":{"start":{"line":5,"column":41},"end":{"line":8,"column":5}},"line":5}},"branchMap":{},"s":{"0":2,"1":2,"2":2,"3":2,"4":2,"5":2},"f":{"0":2,"1":2},"b":{},"_coverageSchema":"1a1c01bbd47fc00a2c39e90264f33305004495a9","hash":"fe2d797949f5044ad452145c6cbf3e031fbc4de6"}
,"C:\\Darbai\\6 semestras\\WebPII\\owly-backend\\models\\supervisor.js": {"path":"C:\\Darbai\\6 semestras\\WebPII\\owly-backend\\models\\supervisor.js","statementMap":{"0":{"start":{"line":2,"column":18},"end":{"line":2,"column":38}},"1":{"start":{"line":3,"column":0},"end":{"line":39,"column":2}},"2":{"start":{"line":9,"column":2},"end":{"line":37,"column":4}},"3":{"start":{"line":38,"column":2},"end":{"line":38,"column":20}}},"fnMap":{"0":{"name":"(anonymous_0)","decl":{"start":{"line":3,"column":17},"end":{"line":3,"column":18}},"loc":{"start":{"line":3,"column":43},"end":{"line":39,"column":1}},"line":3},"1":{"name":"(anonymous_1)","decl":{"start":{"line":5,"column":4},"end":{"line":5,"column":5}},"loc":{"start":{"line":5,"column":29},"end":{"line":7,"column":5}},"line":5}},"branchMap":{},"s":{"0":2,"1":2,"2":2,"3":2},"f":{"0":2,"1":2},"b":{},"_coverageSchema":"1a1c01bbd47fc00a2c39e90264f33305004495a9","hash":"fd4036b963c0d098a68e6136884233a38abce32a"}
,"C:\\Darbai\\6 semestras\\WebPII\\owly-backend\\models\\user.js": {"path":"C:\\Darbai\\6 semestras\\WebPII\\owly-backend\\models\\user.js","statementMap":{"0":{"start":{"line":1,"column":18},"end":{"line":1,"column":38}},"1":{"start":{"line":2,"column":15},"end":{"line":2,"column":32}},"2":{"start":{"line":3,"column":15},"end":{"line":3,"column":32}},"3":{"start":{"line":5,"column":0},"end":{"line":77,"column":2}},"4":{"start":{"line":8,"column":6},"end":{"line":8,"column":68}},"5":{"start":{"line":12,"column":6},"end":{"line":14,"column":9}},"6":{"start":{"line":15,"column":6},"end":{"line":23,"column":9}},"7":{"start":{"line":24,"column":6},"end":{"line":24,"column":67}},"8":{"start":{"line":25,"column":6},"end":{"line":25,"column":31}},"9":{"start":{"line":26,"column":6},"end":{"line":26,"column":58}},"10":{"start":{"line":30,"column":2},"end":{"line":74,"column":4}},"11":{"start":{"line":76,"column":2},"end":{"line":76,"column":14}}},"fnMap":{"0":{"name":"(anonymous_0)","decl":{"start":{"line":5,"column":17},"end":{"line":5,"column":18}},"loc":{"start":{"line":5,"column":43},"end":{"line":77,"column":1}},"line":5},"1":{"name":"(anonymous_1)","decl":{"start":{"line":7,"column":4},"end":{"line":7,"column":5}},"loc":{"start":{"line":7,"column":47},"end":{"line":9,"column":5}},"line":7},"2":{"name":"(anonymous_2)","decl":{"start":{"line":11,"column":4},"end":{"line":11,"column":5}},"loc":{"start":{"line":11,"column":74},"end":{"line":27,"column":5}},"line":11}},"branchMap":{},"s":{"0":2,"1":2,"2":2,"3":2,"4":0,"5":2,"6":2,"7":2,"8":2,"9":2,"10":2,"11":2},"f":{"0":2,"1":0,"2":2},"b":{},"_coverageSchema":"1a1c01bbd47fc00a2c39e90264f33305004495a9","hash":"4d5cba7f1c8ae029147827a7ac33419465116d3b"}
,"C:\\Darbai\\6 semestras\\WebPII\\owly-backend\\models\\userrole.js": {"path":"C:\\Darbai\\6 semestras\\WebPII\\owly-backend\\models\\userrole.js","statementMap":{"0":{"start":{"line":2,"column":18},"end":{"line":2,"column":38}},"1":{"start":{"line":3,"column":0},"end":{"line":32,"column":2}},"2":{"start":{"line":9,"column":6},"end":{"line":9,"column":25}},"3":{"start":{"line":12,"column":2},"end":{"line":30,"column":4}},"4":{"start":{"line":31,"column":2},"end":{"line":31,"column":18}}},"fnMap":{"0":{"name":"(anonymous_0)","decl":{"start":{"line":3,"column":17},"end":{"line":3,"column":18}},"loc":{"start":{"line":3,"column":43},"end":{"line":32,"column":1}},"line":3},"1":{"name":"(anonymous_1)","decl":{"start":{"line":8,"column":4},"end":{"line":8,"column":5}},"loc":{"start":{"line":8,"column":31},"end":{"line":10,"column":5}},"line":8}},"branchMap":{},"s":{"0":2,"1":2,"2":2,"3":2,"4":2},"f":{"0":2,"1":2},"b":{},"_coverageSchema":"1a1c01bbd47fc00a2c39e90264f33305004495a9","hash":"51eab04c7e57b0cf2886e41759aa6e4555a9f8c6"}
,"C:\\Darbai\\6 semestras\\WebPII\\owly-backend\\utils\\AppError.js": {"path":"C:\\Darbai\\6 semestras\\WebPII\\owly-backend\\utils\\AppError.js","statementMap":{"0":{"start":{"line":3,"column":4},"end":{"line":3,"column":19}},"1":{"start":{"line":5,"column":4},"end":{"line":5,"column":33}},"2":{"start":{"line":6,"column":4},"end":{"line":6,"column":51}},"3":{"start":{"line":8,"column":4},"end":{"line":8,"column":52}},"4":{"start":{"line":12,"column":0},"end":{"line":12,"column":26}}},"fnMap":{"0":{"name":"(anonymous_0)","decl":{"start":{"line":2,"column":2},"end":{"line":2,"column":3}},"loc":{"start":{"line":2,"column":35},"end":{"line":9,"column":3}},"line":2}},"branchMap":{},"s":{"0":18,"1":18,"2":18,"3":18,"4":2},"f":{"0":18},"b":{},"_coverageSchema":"1a1c01bbd47fc00a2c39e90264f33305004495a9","hash":"0f8b8930126a4936388433ff3d6b067a5dfc97b2"}
,"C:\\Darbai\\6 semestras\\WebPII\\owly-backend\\utils\\catchAsync.js": {"path":"C:\\Darbai\\6 semestras\\WebPII\\owly-backend\\utils\\catchAsync.js","statementMap":{"0":{"start":{"line":1,"column":0},"end":{"line":5,"column":2}},"1":{"start":{"line":2,"column":2},"end":{"line":4,"column":4}},"2":{"start":{"line":3,"column":4},"end":{"line":3,"column":49}},"3":{"start":{"line":3,"column":38},"end":{"line":3,"column":47}}},"fnMap":{"0":{"name":"(anonymous_0)","decl":{"start":{"line":1,"column":17},"end":{"line":1,"column":18}},"loc":{"start":{"line":1,"column":25},"end":{"line":5,"column":1}},"line":1},"1":{"name":"(anonymous_1)","decl":{"start":{"line":2,"column":9},"end":{"line":2,"column":10}},"loc":{"start":{"line":2,"column":29},"end":{"line":4,"column":3}},"line":2},"2":{"name":"(anonymous_2)","decl":{"start":{"line":3,"column":29},"end":{"line":3,"column":30}},"loc":{"start":{"line":3,"column":38},"end":{"line":3,"column":47}},"line":3}},"branchMap":{},"s":{"0":1,"1":7,"2":9,"3":0},"f":{"0":7,"1":9,"2":0},"b":{},"_coverageSchema":"1a1c01bbd47fc00a2c39e90264f33305004495a9","hash":"f3f4f9f2da12f964bbf516ba2a1826f2fef05621"}
,"C:\\Darbai\\6 semestras\\WebPII\\owly-backend\\utils\\deleteFilesThatStartWith.js": {"path":"C:\\Darbai\\6 semestras\\WebPII\\owly-backend\\utils\\deleteFilesThatStartWith.js","statementMap":{"0":{"start":{"line":1,"column":11},"end":{"line":1,"column":24}},"1":{"start":{"line":2,"column":13},"end":{"line":2,"column":28}},"2":{"start":{"line":4,"column":0},"end":{"line":24,"column":2}},"3":{"start":{"line":5,"column":24},"end":{"line":9,"column":3}},"4":{"start":{"line":11,"column":30},"end":{"line":11,"column":41}},"5":{"start":{"line":13,"column":2},"end":{"line":23,"column":3}},"6":{"start":{"line":15,"column":4},"end":{"line":15,"column":64}},"7":{"start":{"line":17,"column":18},"end":{"line":17,"column":46}},"8":{"start":{"line":18,"column":4},"end":{"line":20,"column":65}},"9":{"start":{"line":19,"column":24},"end":{"line":19,"column":53}},"10":{"start":{"line":20,"column":25},"end":{"line":20,"column":63}},"11":{"start":{"line":22,"column":4},"end":{"line":22,"column":52}}},"fnMap":{"0":{"name":"(anonymous_0)","decl":{"start":{"line":4,"column":17},"end":{"line":4,"column":18}},"loc":{"start":{"line":4,"column":41},"end":{"line":24,"column":1}},"line":4},"1":{"name":"(anonymous_1)","decl":{"start":{"line":19,"column":14},"end":{"line":19,"column":15}},"loc":{"start":{"line":19,"column":24},"end":{"line":19,"column":53}},"line":19},"2":{"name":"(anonymous_2)","decl":{"start":{"line":20,"column":15},"end":{"line":20,"column":16}},"loc":{"start":{"line":20,"column":25},"end":{"line":20,"column":63}},"line":20}},"branchMap":{"0":{"loc":{"start":{"line":15,"column":4},"end":{"line":15,"column":63}},"type":"binary-expr","locations":[{"start":{"line":15,"column":4},"end":{"line":15,"column":32}},{"start":{"line":15,"column":36},"end":{"line":15,"column":63}}],"line":15}},"s":{"0":2,"1":2,"2":2,"3":0,"4":0,"5":0,"6":0,"7":0,"8":0,"9":0,"10":0,"11":0},"f":{"0":0,"1":0,"2":0},"b":{"0":[0,0]},"_coverageSchema":"1a1c01bbd47fc00a2c39e90264f33305004495a9","hash":"e212b92c10e1f43ac767fc49ff01df271e70c1cf"}
}
