{"C:\\Darbai\\6 semestras\\owly-backend-deployed\\app.js": {"path":"C:\\Darbai\\6 semestras\\owly-backend-deployed\\app.js","statementMap":{"0":{"start":{"line":1,"column":0},"end":{"line":1,"column":27}},"1":{"start":{"line":2,"column":16},"end":{"line":2,"column":34}},"2":{"start":{"line":3,"column":13},"end":{"line":3,"column":28}},"3":{"start":{"line":4,"column":21},"end":{"line":4,"column":45}},"4":{"start":{"line":5,"column":27},"end":{"line":5,"column":67}},"5":{"start":{"line":6,"column":19},"end":{"line":6,"column":49}},"6":{"start":{"line":7,"column":22},"end":{"line":7,"column":55}},"7":{"start":{"line":8,"column":21},"end":{"line":8,"column":53}},"8":{"start":{"line":10,"column":12},"end":{"line":10,"column":21}},"9":{"start":{"line":13,"column":0},"end":{"line":13,"column":51}},"10":{"start":{"line":14,"column":0},"end":{"line":14,"column":24}},"11":{"start":{"line":15,"column":0},"end":{"line":15,"column":48}},"12":{"start":{"line":16,"column":0},"end":{"line":16,"column":24}},"13":{"start":{"line":19,"column":0},"end":{"line":19,"column":37}},"14":{"start":{"line":20,"column":0},"end":{"line":20,"column":43}},"15":{"start":{"line":21,"column":0},"end":{"line":21,"column":41}},"16":{"start":{"line":23,"column":0},"end":{"line":27,"column":3}},"17":{"start":{"line":24,"column":2},"end":{"line":26,"column":71}},"18":{"start":{"line":29,"column":0},"end":{"line":29,"column":28}},"19":{"start":{"line":32,"column":0},"end":{"line":32,"column":21}}},"fnMap":{"0":{"name":"(anonymous_0)","decl":{"start":{"line":23,"column":13},"end":{"line":23,"column":14}},"loc":{"start":{"line":23,"column":33},"end":{"line":27,"column":1}},"line":23}},"branchMap":{},"s":{"0":2,"1":2,"2":2,"3":2,"4":2,"5":2,"6":2,"7":2,"8":2,"9":2,"10":2,"11":2,"12":2,"13":2,"14":2,"15":2,"16":2,"17":0,"18":2,"19":2},"f":{"0":0},"b":{},"_coverageSchema":"1a1c01bbd47fc00a2c39e90264f33305004495a9","hash":"8aebb7893050168135a8bb2cb2a464a5b1ee031e"}
,"C:\\Darbai\\6 semestras\\owly-backend-deployed\\config\\config.js": {"path":"C:\\Darbai\\6 semestras\\owly-backend-deployed\\config\\config.js","statementMap":{"0":{"start":{"line":1,"column":0},"end":{"line":1,"column":27}},"1":{"start":{"line":2,"column":0},"end":{"line":20,"column":2}}},"fnMap":{},"branchMap":{},"s":{"0":4,"1":4},"f":{},"b":{},"_coverageSchema":"1a1c01bbd47fc00a2c39e90264f33305004495a9","hash":"96501cd89029a1fee25d03915aeb1fa0fbe1c893"}
,"C:\\Darbai\\6 semestras\\owly-backend-deployed\\controllers\\activitiesController.js": {"path":"C:\\Darbai\\6 semestras\\owly-backend-deployed\\controllers\\activitiesController.js","statementMap":{"0":{"start":{"line":1,"column":17},"end":{"line":1,"column":45}},"1":{"start":{"line":2,"column":19},"end":{"line":2,"column":49}},"2":{"start":{"line":10,"column":4},"end":{"line":10,"column":24}},"3":{"start":{"line":11,"column":15},"end":{"line":11,"column":35}},"4":{"start":{"line":12,"column":15},"end":{"line":12,"column":32}},"5":{"start":{"line":13,"column":13},"end":{"line":13,"column":28}},"6":{"start":{"line":14,"column":19},"end":{"line":14,"column":43}},"7":{"start":{"line":16,"column":0},"end":{"line":20,"column":3}},"8":{"start":{"line":23,"column":16},"end":{"line":33,"column":2}},"9":{"start":{"line":25,"column":4},"end":{"line":25,"column":35}},"10":{"start":{"line":28,"column":4},"end":{"line":31,"column":6}},"11":{"start":{"line":35,"column":15},"end":{"line":37,"column":1}},"12":{"start":{"line":40,"column":0},"end":{"line":40,"column":67}},"13":{"start":{"line":42,"column":0},"end":{"line":68,"column":3}},"14":{"start":{"line":43,"column":23},"end":{"line":43,"column":33}},"15":{"start":{"line":45,"column":17},"end":{"line":61,"column":4}},"16":{"start":{"line":63,"column":2},"end":{"line":65,"column":3}},"17":{"start":{"line":64,"column":4},"end":{"line":64,"column":80}},"18":{"start":{"line":67,"column":2},"end":{"line":67,"column":67}},"19":{"start":{"line":70,"column":0},"end":{"line":112,"column":2}},"20":{"start":{"line":71,"column":35},"end":{"line":71,"column":45}},"21":{"start":{"line":73,"column":17},"end":{"line":73,"column":48}},"22":{"start":{"line":75,"column":2},"end":{"line":77,"column":3}},"23":{"start":{"line":76,"column":4},"end":{"line":76,"column":80}},"24":{"start":{"line":79,"column":19},"end":{"line":101,"column":4}},"25":{"start":{"line":103,"column":2},"end":{"line":110,"column":3}},"26":{"start":{"line":104,"column":4},"end":{"line":109,"column":6}},"27":{"start":{"line":111,"column":2},"end":{"line":111,"column":47}},"28":{"start":{"line":114,"column":0},"end":{"line":136,"column":3}},"29":{"start":{"line":115,"column":25},"end":{"line":115,"column":35}},"30":{"start":{"line":117,"column":21},"end":{"line":124,"column":4}},"31":{"start":{"line":126,"column":2},"end":{"line":133,"column":3}},"32":{"start":{"line":127,"column":4},"end":{"line":132,"column":6}},"33":{"start":{"line":135,"column":2},"end":{"line":135,"column":9}},"34":{"start":{"line":138,"column":0},"end":{"line":166,"column":3}},"35":{"start":{"line":139,"column":25},"end":{"line":139,"column":54}},"36":{"start":{"line":141,"column":19},"end":{"line":141,"column":47}},"37":{"start":{"line":144,"column":2},"end":{"line":164,"column":3}},"38":{"start":{"line":145,"column":26},"end":{"line":149,"column":6}},"39":{"start":{"line":150,"column":28},"end":{"line":150,"column":64}},"40":{"start":{"line":150,"column":56},"end":{"line":150,"column":63}},"41":{"start":{"line":151,"column":27},"end":{"line":153,"column":5}},"42":{"start":{"line":152,"column":14},"end":{"line":152,"column":43}},"43":{"start":{"line":154,"column":4},"end":{"line":163,"column":5}},"44":{"start":{"line":155,"column":6},"end":{"line":162,"column":8}},"45":{"start":{"line":165,"column":2},"end":{"line":165,"column":9}},"46":{"start":{"line":168,"column":0},"end":{"line":195,"column":3}},"47":{"start":{"line":169,"column":29},"end":{"line":169,"column":37}},"48":{"start":{"line":170,"column":2},"end":{"line":170,"column":33}},"49":{"start":{"line":171,"column":23},"end":{"line":176,"column":3}},"50":{"start":{"line":178,"column":22},"end":{"line":190,"column":4}},"51":{"start":{"line":179,"column":21},"end":{"line":179,"column":76}},"52":{"start":{"line":181,"column":4},"end":{"line":181,"column":80}},"53":{"start":{"line":181,"column":47},"end":{"line":181,"column":80}},"54":{"start":{"line":182,"column":32},"end":{"line":185,"column":7}},"55":{"start":{"line":182,"column":61},"end":{"line":185,"column":5}},"56":{"start":{"line":187,"column":4},"end":{"line":187,"column":73}},"57":{"start":{"line":189,"column":4},"end":{"line":189,"column":20}},"58":{"start":{"line":192,"column":2},"end":{"line":194,"column":5}},"59":{"start":{"line":197,"column":0},"end":{"line":258,"column":3}},"60":{"start":{"line":198,"column":35},"end":{"line":198,"column":45}},"61":{"start":{"line":200,"column":17},"end":{"line":200,"column":48}},"62":{"start":{"line":202,"column":2},"end":{"line":204,"column":3}},"63":{"start":{"line":203,"column":4},"end":{"line":203,"column":80}},"64":{"start":{"line":206,"column":27},"end":{"line":213,"column":4}},"65":{"start":{"line":215,"column":2},"end":{"line":222,"column":3}},"66":{"start":{"line":216,"column":4},"end":{"line":221,"column":6}},"67":{"start":{"line":224,"column":2},"end":{"line":255,"column":5}},"68":{"start":{"line":225,"column":4},"end":{"line":225,"column":71}},"69":{"start":{"line":227,"column":4},"end":{"line":254,"column":5}},"70":{"start":{"line":228,"column":24},"end":{"line":230,"column":8}},"71":{"start":{"line":232,"column":6},"end":{"line":236,"column":8}},"72":{"start":{"line":234,"column":10},"end":{"line":234,"column":64}},"73":{"start":{"line":238,"column":6},"end":{"line":241,"column":9}},"74":{"start":{"line":243,"column":26},"end":{"line":245,"column":7}},"75":{"start":{"line":244,"column":32},"end":{"line":244,"column":69}},"76":{"start":{"line":247,"column":29},"end":{"line":251,"column":9}},"77":{"start":{"line":247,"column":70},"end":{"line":251,"column":7}},"78":{"start":{"line":253,"column":6},"end":{"line":253,"column":65}},"79":{"start":{"line":257,"column":2},"end":{"line":257,"column":27}},"80":{"start":{"line":260,"column":0},"end":{"line":289,"column":3}},"81":{"start":{"line":261,"column":35},"end":{"line":261,"column":45}},"82":{"start":{"line":263,"column":17},"end":{"line":263,"column":48}},"83":{"start":{"line":265,"column":2},"end":{"line":267,"column":3}},"84":{"start":{"line":266,"column":4},"end":{"line":266,"column":80}},"85":{"start":{"line":269,"column":27},"end":{"line":276,"column":4}},"86":{"start":{"line":278,"column":2},"end":{"line":285,"column":3}},"87":{"start":{"line":279,"column":4},"end":{"line":284,"column":6}},"88":{"start":{"line":286,"column":2},"end":{"line":286,"column":35}},"89":{"start":{"line":288,"column":2},"end":{"line":288,"column":27}}},"fnMap":{"0":{"name":"(anonymous_0)","decl":{"start":{"line":24,"column":15},"end":{"line":24,"column":16}},"loc":{"start":{"line":24,"column":40},"end":{"line":26,"column":3}},"line":24},"1":{"name":"(anonymous_1)","decl":{"start":{"line":27,"column":12},"end":{"line":27,"column":13}},"loc":{"start":{"line":27,"column":37},"end":{"line":32,"column":3}},"line":27},"2":{"name":"(anonymous_2)","decl":{"start":{"line":42,"column":38},"end":{"line":42,"column":39}},"loc":{"start":{"line":42,"column":64},"end":{"line":68,"column":1}},"line":42},"3":{"name":"(anonymous_3)","decl":{"start":{"line":70,"column":22},"end":{"line":70,"column":23}},"loc":{"start":{"line":70,"column":48},"end":{"line":112,"column":1}},"line":70},"4":{"name":"(anonymous_4)","decl":{"start":{"line":114,"column":47},"end":{"line":114,"column":48}},"loc":{"start":{"line":114,"column":73},"end":{"line":136,"column":1}},"line":114},"5":{"name":"(anonymous_5)","decl":{"start":{"line":138,"column":44},"end":{"line":138,"column":45}},"loc":{"start":{"line":138,"column":70},"end":{"line":166,"column":1}},"line":138},"6":{"name":"(anonymous_6)","decl":{"start":{"line":150,"column":46},"end":{"line":150,"column":47}},"loc":{"start":{"line":150,"column":56},"end":{"line":150,"column":63}},"line":150},"7":{"name":"(anonymous_7)","decl":{"start":{"line":152,"column":6},"end":{"line":152,"column":7}},"loc":{"start":{"line":152,"column":14},"end":{"line":152,"column":43}},"line":152},"8":{"name":"(anonymous_8)","decl":{"start":{"line":168,"column":36},"end":{"line":168,"column":37}},"loc":{"start":{"line":168,"column":62},"end":{"line":195,"column":1}},"line":168},"9":{"name":"(anonymous_9)","decl":{"start":{"line":178,"column":50},"end":{"line":178,"column":51}},"loc":{"start":{"line":178,"column":63},"end":{"line":190,"column":3}},"line":178},"10":{"name":"(anonymous_10)","decl":{"start":{"line":182,"column":51},"end":{"line":182,"column":52}},"loc":{"start":{"line":182,"column":61},"end":{"line":185,"column":5}},"line":182},"11":{"name":"(anonymous_11)","decl":{"start":{"line":197,"column":36},"end":{"line":197,"column":37}},"loc":{"start":{"line":197,"column":62},"end":{"line":258,"column":1}},"line":197},"12":{"name":"(anonymous_12)","decl":{"start":{"line":224,"column":30},"end":{"line":224,"column":31}},"loc":{"start":{"line":224,"column":43},"end":{"line":255,"column":3}},"line":224},"13":{"name":"(anonymous_13)","decl":{"start":{"line":233,"column":22},"end":{"line":233,"column":23}},"loc":{"start":{"line":233,"column":39},"end":{"line":235,"column":9}},"line":233},"14":{"name":"(anonymous_14)","decl":{"start":{"line":244,"column":22},"end":{"line":244,"column":23}},"loc":{"start":{"line":244,"column":32},"end":{"line":244,"column":69}},"line":244},"15":{"name":"(anonymous_15)","decl":{"start":{"line":247,"column":45},"end":{"line":247,"column":46}},"loc":{"start":{"line":247,"column":70},"end":{"line":251,"column":7}},"line":247},"16":{"name":"(anonymous_16)","decl":{"start":{"line":260,"column":36},"end":{"line":260,"column":37}},"loc":{"start":{"line":260,"column":62},"end":{"line":289,"column":1}},"line":260}},"branchMap":{"0":{"loc":{"start":{"line":63,"column":2},"end":{"line":65,"column":3}},"type":"if","locations":[{"start":{"line":63,"column":2},"end":{"line":65,"column":3}},{"start":{},"end":{}}],"line":63},"1":{"loc":{"start":{"line":75,"column":2},"end":{"line":77,"column":3}},"type":"if","locations":[{"start":{"line":75,"column":2},"end":{"line":77,"column":3}},{"start":{},"end":{}}],"line":75},"2":{"loc":{"start":{"line":103,"column":2},"end":{"line":110,"column":3}},"type":"if","locations":[{"start":{"line":103,"column":2},"end":{"line":110,"column":3}},{"start":{},"end":{}}],"line":103},"3":{"loc":{"start":{"line":126,"column":2},"end":{"line":133,"column":3}},"type":"if","locations":[{"start":{"line":126,"column":2},"end":{"line":133,"column":3}},{"start":{},"end":{}}],"line":126},"4":{"loc":{"start":{"line":126,"column":6},"end":{"line":126,"column":70}},"type":"binary-expr","locations":[{"start":{"line":126,"column":6},"end":{"line":126,"column":17}},{"start":{"line":126,"column":21},"end":{"line":126,"column":70}}],"line":126},"5":{"loc":{"start":{"line":139,"column":25},"end":{"line":139,"column":54}},"type":"binary-expr","locations":[{"start":{"line":139,"column":25},"end":{"line":139,"column":48}},{"start":{"line":139,"column":52},"end":{"line":139,"column":54}}],"line":139},"6":{"loc":{"start":{"line":144,"column":2},"end":{"line":164,"column":3}},"type":"if","locations":[{"start":{"line":144,"column":2},"end":{"line":164,"column":3}},{"start":{},"end":{}}],"line":144},"7":{"loc":{"start":{"line":144,"column":6},"end":{"line":144,"column":37}},"type":"binary-expr","locations":[{"start":{"line":144,"column":6},"end":{"line":144,"column":14}},{"start":{"line":144,"column":18},"end":{"line":144,"column":37}}],"line":144},"8":{"loc":{"start":{"line":154,"column":4},"end":{"line":163,"column":5}},"type":"if","locations":[{"start":{"line":154,"column":4},"end":{"line":163,"column":5}},{"start":{},"end":{}}],"line":154},"9":{"loc":{"start":{"line":173,"column":14},"end":{"line":173,"column":54}},"type":"cond-expr","locations":[{"start":{"line":173,"column":43},"end":{"line":173,"column":47}},{"start":{"line":173,"column":50},"end":{"line":173,"column":54}}],"line":173},"10":{"loc":{"start":{"line":181,"column":4},"end":{"line":181,"column":80}},"type":"if","locations":[{"start":{"line":181,"column":4},"end":{"line":181,"column":80}},{"start":{},"end":{}}],"line":181},"11":{"loc":{"start":{"line":202,"column":2},"end":{"line":204,"column":3}},"type":"if","locations":[{"start":{"line":202,"column":2},"end":{"line":204,"column":3}},{"start":{},"end":{}}],"line":202},"12":{"loc":{"start":{"line":215,"column":2},"end":{"line":222,"column":3}},"type":"if","locations":[{"start":{"line":215,"column":2},"end":{"line":222,"column":3}},{"start":{},"end":{}}],"line":215},"13":{"loc":{"start":{"line":227,"column":4},"end":{"line":254,"column":5}},"type":"if","locations":[{"start":{"line":227,"column":4},"end":{"line":254,"column":5}},{"start":{},"end":{}}],"line":227},"14":{"loc":{"start":{"line":227,"column":8},"end":{"line":227,"column":41}},"type":"binary-expr","locations":[{"start":{"line":227,"column":8},"end":{"line":227,"column":17}},{"start":{"line":227,"column":21},"end":{"line":227,"column":41}}],"line":227},"15":{"loc":{"start":{"line":265,"column":2},"end":{"line":267,"column":3}},"type":"if","locations":[{"start":{"line":265,"column":2},"end":{"line":267,"column":3}},{"start":{},"end":{}}],"line":265},"16":{"loc":{"start":{"line":278,"column":2},"end":{"line":285,"column":3}},"type":"if","locations":[{"start":{"line":278,"column":2},"end":{"line":285,"column":3}},{"start":{},"end":{}}],"line":278}},"s":{"0":3,"1":3,"2":3,"3":3,"4":3,"5":3,"6":3,"7":3,"8":3,"9":0,"10":0,"11":3,"12":3,"13":3,"14":2,"15":2,"16":2,"17":1,"18":1,"19":3,"20":3,"21":3,"22":3,"23":1,"24":2,"25":2,"26":1,"27":1,"28":3,"29":3,"30":3,"31":3,"32":2,"33":1,"34":3,"35":5,"36":5,"37":5,"38":3,"39":3,"40":6,"41":3,"42":8,"43":3,"44":1,"45":4,"46":3,"47":1,"48":1,"49":1,"50":1,"51":1,"52":1,"53":0,"54":1,"55":2,"56":1,"57":1,"58":1,"59":3,"60":0,"61":0,"62":0,"63":0,"64":0,"65":0,"66":0,"67":0,"68":0,"69":0,"70":0,"71":0,"72":0,"73":0,"74":0,"75":0,"76":0,"77":0,"78":0,"79":0,"80":3,"81":0,"82":0,"83":0,"84":0,"85":0,"86":0,"87":0,"88":0,"89":0},"f":{"0":0,"1":0,"2":2,"3":3,"4":3,"5":5,"6":6,"7":8,"8":1,"9":1,"10":2,"11":0,"12":0,"13":0,"14":0,"15":0,"16":0},"b":{"0":[1,1],"1":[1,2],"2":[1,1],"3":[2,1],"4":[3,1],"5":[5,1],"6":[3,2],"7":[5,5],"8":[1,2],"9":[1,0],"10":[0,1],"11":[0,0],"12":[0,0],"13":[0,0],"14":[0,0],"15":[0,0],"16":[0,0]},"_coverageSchema":"1a1c01bbd47fc00a2c39e90264f33305004495a9","hash":"6591b5b05192d1d0a9a3271df6ce9b852a3bfddc"}
,"C:\\Darbai\\6 semestras\\owly-backend-deployed\\controllers\\authController.js": {"path":"C:\\Darbai\\6 semestras\\owly-backend-deployed\\controllers\\authController.js","statementMap":{"0":{"start":{"line":1,"column":27},"end":{"line":1,"column":47}},"1":{"start":{"line":2,"column":19},"end":{"line":2,"column":49}},"2":{"start":{"line":3,"column":17},"end":{"line":3,"column":45}},"3":{"start":{"line":4,"column":24},"end":{"line":4,"column":59}},"4":{"start":{"line":5,"column":12},"end":{"line":5,"column":35}},"5":{"start":{"line":7,"column":0},"end":{"line":28,"column":3}},"6":{"start":{"line":8,"column":30},"end":{"line":8,"column":38}},"7":{"start":{"line":11,"column":2},"end":{"line":13,"column":3}},"8":{"start":{"line":12,"column":4},"end":{"line":12,"column":73}},"9":{"start":{"line":16,"column":15},"end":{"line":16,"column":55}},"10":{"start":{"line":18,"column":2},"end":{"line":24,"column":3}},"11":{"start":{"line":23,"column":4},"end":{"line":23,"column":66}},"12":{"start":{"line":27,"column":2},"end":{"line":27,"column":37}},"13":{"start":{"line":30,"column":0},"end":{"line":43,"column":4}},"14":{"start":{"line":32,"column":2},"end":{"line":43,"column":3}},"15":{"start":{"line":33,"column":4},"end":{"line":41,"column":8}},"16":{"start":{"line":34,"column":6},"end":{"line":41,"column":8}},"17":{"start":{"line":42,"column":4},"end":{"line":42,"column":11}},"18":{"start":{"line":45,"column":0},"end":{"line":89,"column":3}},"19":{"start":{"line":48,"column":2},"end":{"line":55,"column":3}},"20":{"start":{"line":52,"column":4},"end":{"line":52,"column":52}},"21":{"start":{"line":53,"column":9},"end":{"line":55,"column":3}},"22":{"start":{"line":54,"column":4},"end":{"line":54,"column":28}},"23":{"start":{"line":57,"column":2},"end":{"line":61,"column":3}},"24":{"start":{"line":58,"column":4},"end":{"line":60,"column":6}},"25":{"start":{"line":66,"column":2},"end":{"line":72,"column":3}},"26":{"start":{"line":67,"column":4},"end":{"line":67,"column":56}},"27":{"start":{"line":69,"column":4},"end":{"line":71,"column":6}},"28":{"start":{"line":75,"column":2},"end":{"line":75,"column":23}},"29":{"start":{"line":76,"column":20},"end":{"line":76,"column":74}},"30":{"start":{"line":77,"column":2},"end":{"line":81,"column":3}},"31":{"start":{"line":78,"column":4},"end":{"line":80,"column":6}},"32":{"start":{"line":84,"column":2},"end":{"line":84,"column":37}},"33":{"start":{"line":85,"column":2},"end":{"line":85,"column":43}},"34":{"start":{"line":86,"column":2},"end":{"line":86,"column":25}},"35":{"start":{"line":87,"column":2},"end":{"line":87,"column":44}},"36":{"start":{"line":88,"column":2},"end":{"line":88,"column":9}}},"fnMap":{"0":{"name":"(anonymous_0)","decl":{"start":{"line":7,"column":27},"end":{"line":7,"column":28}},"loc":{"start":{"line":7,"column":53},"end":{"line":28,"column":1}},"line":7},"1":{"name":"(anonymous_1)","decl":{"start":{"line":31,"column":2},"end":{"line":31,"column":3}},"loc":{"start":{"line":32,"column":2},"end":{"line":43,"column":3}},"line":32},"2":{"name":"(anonymous_2)","decl":{"start":{"line":32,"column":2},"end":{"line":32,"column":3}},"loc":{"start":{"line":32,"column":22},"end":{"line":43,"column":3}},"line":32},"3":{"name":"(anonymous_3)","decl":{"start":{"line":45,"column":29},"end":{"line":45,"column":30}},"loc":{"start":{"line":45,"column":55},"end":{"line":89,"column":1}},"line":45}},"branchMap":{"0":{"loc":{"start":{"line":11,"column":2},"end":{"line":13,"column":3}},"type":"if","locations":[{"start":{"line":11,"column":2},"end":{"line":13,"column":3}},{"start":{},"end":{}}],"line":11},"1":{"loc":{"start":{"line":11,"column":6},"end":{"line":11,"column":25}},"type":"binary-expr","locations":[{"start":{"line":11,"column":6},"end":{"line":11,"column":12}},{"start":{"line":11,"column":16},"end":{"line":11,"column":25}}],"line":11},"2":{"loc":{"start":{"line":18,"column":2},"end":{"line":24,"column":3}},"type":"if","locations":[{"start":{"line":18,"column":2},"end":{"line":24,"column":3}},{"start":{},"end":{}}],"line":18},"3":{"loc":{"start":{"line":19,"column":4},"end":{"line":21,"column":60}},"type":"binary-expr","locations":[{"start":{"line":19,"column":4},"end":{"line":19,"column":9}},{"start":{"line":20,"column":4},"end":{"line":20,"column":18}},{"start":{"line":21,"column":4},"end":{"line":21,"column":60}}],"line":19},"4":{"loc":{"start":{"line":33,"column":4},"end":{"line":41,"column":8}},"type":"if","locations":[{"start":{"line":33,"column":4},"end":{"line":41,"column":8}},{"start":{},"end":{}}],"line":33},"5":{"loc":{"start":{"line":48,"column":2},"end":{"line":55,"column":3}},"type":"if","locations":[{"start":{"line":48,"column":2},"end":{"line":55,"column":3}},{"start":{"line":53,"column":9},"end":{"line":55,"column":3}}],"line":48},"6":{"loc":{"start":{"line":49,"column":4},"end":{"line":50,"column":50}},"type":"binary-expr","locations":[{"start":{"line":49,"column":4},"end":{"line":49,"column":29}},{"start":{"line":50,"column":4},"end":{"line":50,"column":50}}],"line":49},"7":{"loc":{"start":{"line":53,"column":9},"end":{"line":55,"column":3}},"type":"if","locations":[{"start":{"line":53,"column":9},"end":{"line":55,"column":3}},{"start":{},"end":{}}],"line":53},"8":{"loc":{"start":{"line":57,"column":2},"end":{"line":61,"column":3}},"type":"if","locations":[{"start":{"line":57,"column":2},"end":{"line":61,"column":3}},{"start":{},"end":{}}],"line":57},"9":{"loc":{"start":{"line":77,"column":2},"end":{"line":81,"column":3}},"type":"if","locations":[{"start":{"line":77,"column":2},"end":{"line":81,"column":3}},{"start":{},"end":{}}],"line":77}},"s":{"0":2,"1":2,"2":2,"3":2,"4":2,"5":2,"6":3,"7":3,"8":1,"9":2,"10":2,"11":1,"12":1,"13":2,"14":12,"15":0,"16":0,"17":0,"18":2,"19":4,"20":3,"21":1,"22":0,"23":4,"24":1,"25":3,"26":3,"27":1,"28":2,"29":2,"30":2,"31":1,"32":1,"33":1,"34":1,"35":1,"36":1},"f":{"0":3,"1":12,"2":0,"3":4},"b":{"0":[1,2],"1":[3,2],"2":[1,1],"3":[2,1,1],"4":[0,0],"5":[3,1],"6":[4,3],"7":[0,1],"8":[1,3],"9":[1,1]},"_coverageSchema":"1a1c01bbd47fc00a2c39e90264f33305004495a9","hash":"1c500b8d5fe63f422f87f9ad71ee31876285d838"}
,"C:\\Darbai\\6 semestras\\owly-backend-deployed\\controllers\\errorController.js": {"path":"C:\\Darbai\\6 semestras\\owly-backend-deployed\\controllers\\errorController.js","statementMap":{"0":{"start":{"line":1,"column":0},"end":{"line":16,"column":2}},"1":{"start":{"line":2,"column":2},"end":{"line":2,"column":41}},"2":{"start":{"line":3,"column":2},"end":{"line":3,"column":37}},"3":{"start":{"line":5,"column":2},"end":{"line":8,"column":3}},"4":{"start":{"line":6,"column":4},"end":{"line":6,"column":38}},"5":{"start":{"line":7,"column":4},"end":{"line":7,"column":64}},"6":{"start":{"line":7,"column":39},"end":{"line":7,"column":62}},"7":{"start":{"line":10,"column":2},"end":{"line":15,"column":5}}},"fnMap":{"0":{"name":"(anonymous_0)","decl":{"start":{"line":1,"column":17},"end":{"line":1,"column":18}},"loc":{"start":{"line":1,"column":42},"end":{"line":16,"column":1}},"line":1},"1":{"name":"(anonymous_1)","decl":{"start":{"line":7,"column":32},"end":{"line":7,"column":33}},"loc":{"start":{"line":7,"column":39},"end":{"line":7,"column":62}},"line":7}},"branchMap":{"0":{"loc":{"start":{"line":2,"column":19},"end":{"line":2,"column":40}},"type":"binary-expr","locations":[{"start":{"line":2,"column":19},"end":{"line":2,"column":33}},{"start":{"line":2,"column":37},"end":{"line":2,"column":40}}],"line":2},"1":{"loc":{"start":{"line":3,"column":16},"end":{"line":3,"column":36}},"type":"binary-expr","locations":[{"start":{"line":3,"column":16},"end":{"line":3,"column":27}},{"start":{"line":3,"column":31},"end":{"line":3,"column":36}}],"line":3},"2":{"loc":{"start":{"line":5,"column":2},"end":{"line":8,"column":3}},"type":"if","locations":[{"start":{"line":5,"column":2},"end":{"line":8,"column":3}},{"start":{},"end":{}}],"line":5}},"s":{"0":2,"1":5,"2":5,"3":5,"4":0,"5":0,"6":0,"7":5},"f":{"0":5,"1":0},"b":{"0":[5,0],"1":[5,5],"2":[0,5]},"_coverageSchema":"1a1c01bbd47fc00a2c39e90264f33305004495a9","hash":"72cd347dfe9630057a298b028492cb1a4e2f02e8"}
,"C:\\Darbai\\6 semestras\\owly-backend-deployed\\controllers\\meetingController.js": {"path":"C:\\Darbai\\6 semestras\\owly-backend-deployed\\controllers\\meetingController.js","statementMap":{"0":{"start":{"line":1,"column":57},"end":{"line":1,"column":77}},"1":{"start":{"line":2,"column":15},"end":{"line":2,"column":35}},"2":{"start":{"line":3,"column":19},"end":{"line":3,"column":49}},"3":{"start":{"line":4,"column":17},"end":{"line":4,"column":45}},"4":{"start":{"line":5,"column":15},"end":{"line":5,"column":32}},"5":{"start":{"line":6,"column":13},"end":{"line":6,"column":28}},"6":{"start":{"line":7,"column":34},"end":{"line":7,"column":78}},"7":{"start":{"line":8,"column":19},"end":{"line":8,"column":43}},"8":{"start":{"line":10,"column":0},"end":{"line":14,"column":3}},"9":{"start":{"line":17,"column":16},"end":{"line":24,"column":2}},"10":{"start":{"line":19,"column":4},"end":{"line":19,"column":34}},"11":{"start":{"line":22,"column":4},"end":{"line":22,"column":76}},"12":{"start":{"line":26,"column":15},"end":{"line":28,"column":1}},"13":{"start":{"line":31,"column":0},"end":{"line":31,"column":67}},"14":{"start":{"line":33,"column":0},"end":{"line":69,"column":3}},"15":{"start":{"line":34,"column":28},"end":{"line":34,"column":38}},"16":{"start":{"line":36,"column":18},"end":{"line":61,"column":4}},"17":{"start":{"line":63,"column":2},"end":{"line":66,"column":6}},"18":{"start":{"line":64,"column":4},"end":{"line":66,"column":6}},"19":{"start":{"line":68,"column":2},"end":{"line":68,"column":45}},"20":{"start":{"line":71,"column":0},"end":{"line":85,"column":3}},"21":{"start":{"line":73,"column":4},"end":{"line":77,"column":10}},"22":{"start":{"line":79,"column":19},"end":{"line":82,"column":4}},"23":{"start":{"line":84,"column":2},"end":{"line":84,"column":37}},"24":{"start":{"line":87,"column":0},"end":{"line":117,"column":3}},"25":{"start":{"line":88,"column":26},"end":{"line":88,"column":56}},"26":{"start":{"line":89,"column":21},"end":{"line":89,"column":46}},"27":{"start":{"line":91,"column":19},"end":{"line":91,"column":67}},"28":{"start":{"line":94,"column":2},"end":{"line":114,"column":3}},"29":{"start":{"line":95,"column":26},"end":{"line":99,"column":6}},"30":{"start":{"line":100,"column":28},"end":{"line":100,"column":64}},"31":{"start":{"line":100,"column":56},"end":{"line":100,"column":63}},"32":{"start":{"line":101,"column":27},"end":{"line":103,"column":5}},"33":{"start":{"line":102,"column":14},"end":{"line":102,"column":43}},"34":{"start":{"line":104,"column":4},"end":{"line":113,"column":5}},"35":{"start":{"line":105,"column":6},"end":{"line":112,"column":8}},"36":{"start":{"line":116,"column":2},"end":{"line":116,"column":9}},"37":{"start":{"line":120,"column":0},"end":{"line":150,"column":3}},"38":{"start":{"line":121,"column":25},"end":{"line":121,"column":33}},"39":{"start":{"line":123,"column":22},"end":{"line":126,"column":3}},"40":{"start":{"line":128,"column":21},"end":{"line":144,"column":4}},"41":{"start":{"line":129,"column":27},"end":{"line":131,"column":6}},"42":{"start":{"line":133,"column":4},"end":{"line":133,"column":72}},"43":{"start":{"line":133,"column":43},"end":{"line":133,"column":72}},"44":{"start":{"line":135,"column":20},"end":{"line":139,"column":7}},"45":{"start":{"line":135,"column":50},"end":{"line":139,"column":5}},"46":{"start":{"line":141,"column":4},"end":{"line":141,"column":62}},"47":{"start":{"line":143,"column":4},"end":{"line":143,"column":26}},"48":{"start":{"line":146,"column":2},"end":{"line":149,"column":5}},"49":{"start":{"line":152,"column":0},"end":{"line":166,"column":3}},"50":{"start":{"line":153,"column":17},"end":{"line":159,"column":4}},"51":{"start":{"line":161,"column":2},"end":{"line":163,"column":3}},"52":{"start":{"line":162,"column":4},"end":{"line":162,"column":77}},"53":{"start":{"line":165,"column":2},"end":{"line":165,"column":9}},"54":{"start":{"line":168,"column":0},"end":{"line":235,"column":3}},"55":{"start":{"line":169,"column":22},"end":{"line":169,"column":30}},"56":{"start":{"line":170,"column":28},"end":{"line":170,"column":38}},"57":{"start":{"line":171,"column":26},"end":{"line":171,"column":56}},"58":{"start":{"line":172,"column":21},"end":{"line":172,"column":46}},"59":{"start":{"line":173,"column":29},"end":{"line":173,"column":77}},"60":{"start":{"line":175,"column":26},"end":{"line":175,"column":77}},"61":{"start":{"line":176,"column":2},"end":{"line":178,"column":3}},"62":{"start":{"line":177,"column":4},"end":{"line":177,"column":77}},"63":{"start":{"line":181,"column":2},"end":{"line":231,"column":5}},"64":{"start":{"line":182,"column":4},"end":{"line":182,"column":73}},"65":{"start":{"line":185,"column":4},"end":{"line":188,"column":7}},"66":{"start":{"line":190,"column":4},"end":{"line":198,"column":5}},"67":{"start":{"line":191,"column":35},"end":{"line":195,"column":9}},"68":{"start":{"line":191,"column":78},"end":{"line":195,"column":7}},"69":{"start":{"line":197,"column":6},"end":{"line":197,"column":77}},"70":{"start":{"line":200,"column":4},"end":{"line":230,"column":5}},"71":{"start":{"line":202,"column":24},"end":{"line":205,"column":8}},"72":{"start":{"line":207,"column":6},"end":{"line":211,"column":8}},"73":{"start":{"line":209,"column":10},"end":{"line":209,"column":64}},"74":{"start":{"line":213,"column":6},"end":{"line":216,"column":9}},"75":{"start":{"line":219,"column":26},"end":{"line":221,"column":7}},"76":{"start":{"line":220,"column":32},"end":{"line":220,"column":69}},"77":{"start":{"line":223,"column":29},"end":{"line":227,"column":9}},"78":{"start":{"line":223,"column":70},"end":{"line":227,"column":7}},"79":{"start":{"line":229,"column":6},"end":{"line":229,"column":65}},"80":{"start":{"line":233,"column":2},"end":{"line":233,"column":62}},"81":{"start":{"line":234,"column":2},"end":{"line":234,"column":27}}},"fnMap":{"0":{"name":"(anonymous_0)","decl":{"start":{"line":18,"column":15},"end":{"line":18,"column":16}},"loc":{"start":{"line":18,"column":40},"end":{"line":20,"column":3}},"line":18},"1":{"name":"(anonymous_1)","decl":{"start":{"line":21,"column":12},"end":{"line":21,"column":13}},"loc":{"start":{"line":21,"column":37},"end":{"line":23,"column":3}},"line":21},"2":{"name":"(anonymous_2)","decl":{"start":{"line":33,"column":32},"end":{"line":33,"column":33}},"loc":{"start":{"line":33,"column":58},"end":{"line":69,"column":1}},"line":33},"3":{"name":"(anonymous_3)","decl":{"start":{"line":71,"column":36},"end":{"line":71,"column":37}},"loc":{"start":{"line":71,"column":62},"end":{"line":85,"column":1}},"line":71},"4":{"name":"(anonymous_4)","decl":{"start":{"line":87,"column":43},"end":{"line":87,"column":44}},"loc":{"start":{"line":87,"column":69},"end":{"line":117,"column":1}},"line":87},"5":{"name":"(anonymous_5)","decl":{"start":{"line":100,"column":46},"end":{"line":100,"column":47}},"loc":{"start":{"line":100,"column":56},"end":{"line":100,"column":63}},"line":100},"6":{"name":"(anonymous_6)","decl":{"start":{"line":102,"column":6},"end":{"line":102,"column":7}},"loc":{"start":{"line":102,"column":14},"end":{"line":102,"column":43}},"line":102},"7":{"name":"(anonymous_7)","decl":{"start":{"line":120,"column":35},"end":{"line":120,"column":36}},"loc":{"start":{"line":120,"column":61},"end":{"line":150,"column":1}},"line":120},"8":{"name":"(anonymous_8)","decl":{"start":{"line":128,"column":49},"end":{"line":128,"column":50}},"loc":{"start":{"line":128,"column":62},"end":{"line":144,"column":3}},"line":128},"9":{"name":"(anonymous_9)","decl":{"start":{"line":135,"column":35},"end":{"line":135,"column":36}},"loc":{"start":{"line":135,"column":50},"end":{"line":139,"column":5}},"line":135},"10":{"name":"(anonymous_10)","decl":{"start":{"line":152,"column":45},"end":{"line":152,"column":46}},"loc":{"start":{"line":152,"column":71},"end":{"line":166,"column":1}},"line":152},"11":{"name":"(anonymous_11)","decl":{"start":{"line":168,"column":35},"end":{"line":168,"column":36}},"loc":{"start":{"line":168,"column":61},"end":{"line":235,"column":1}},"line":168},"12":{"name":"(anonymous_12)","decl":{"start":{"line":181,"column":30},"end":{"line":181,"column":31}},"loc":{"start":{"line":181,"column":43},"end":{"line":231,"column":3}},"line":181},"13":{"name":"(anonymous_13)","decl":{"start":{"line":191,"column":58},"end":{"line":191,"column":59}},"loc":{"start":{"line":191,"column":78},"end":{"line":195,"column":7}},"line":191},"14":{"name":"(anonymous_14)","decl":{"start":{"line":208,"column":22},"end":{"line":208,"column":23}},"loc":{"start":{"line":208,"column":39},"end":{"line":210,"column":9}},"line":208},"15":{"name":"(anonymous_15)","decl":{"start":{"line":220,"column":22},"end":{"line":220,"column":23}},"loc":{"start":{"line":220,"column":32},"end":{"line":220,"column":69}},"line":220},"16":{"name":"(anonymous_16)","decl":{"start":{"line":223,"column":45},"end":{"line":223,"column":46}},"loc":{"start":{"line":223,"column":70},"end":{"line":227,"column":7}},"line":223}},"branchMap":{"0":{"loc":{"start":{"line":63,"column":2},"end":{"line":66,"column":6}},"type":"if","locations":[{"start":{"line":63,"column":2},"end":{"line":66,"column":6}},{"start":{},"end":{}}],"line":63},"1":{"loc":{"start":{"line":73,"column":4},"end":{"line":77,"column":10}},"type":"cond-expr","locations":[{"start":{"line":74,"column":8},"end":{"line":76,"column":27}},{"start":{"line":77,"column":8},"end":{"line":77,"column":10}}],"line":73},"2":{"loc":{"start":{"line":74,"column":8},"end":{"line":76,"column":27}},"type":"cond-expr","locations":[{"start":{"line":75,"column":10},"end":{"line":75,"column":41}},{"start":{"line":76,"column":10},"end":{"line":76,"column":27}}],"line":74},"3":{"loc":{"start":{"line":88,"column":26},"end":{"line":88,"column":56}},"type":"binary-expr","locations":[{"start":{"line":88,"column":26},"end":{"line":88,"column":50}},{"start":{"line":88,"column":54},"end":{"line":88,"column":56}}],"line":88},"4":{"loc":{"start":{"line":89,"column":21},"end":{"line":89,"column":46}},"type":"binary-expr","locations":[{"start":{"line":89,"column":21},"end":{"line":89,"column":40}},{"start":{"line":89,"column":44},"end":{"line":89,"column":46}}],"line":89},"5":{"loc":{"start":{"line":94,"column":2},"end":{"line":114,"column":3}},"type":"if","locations":[{"start":{"line":94,"column":2},"end":{"line":114,"column":3}},{"start":{},"end":{}}],"line":94},"6":{"loc":{"start":{"line":94,"column":6},"end":{"line":94,"column":37}},"type":"binary-expr","locations":[{"start":{"line":94,"column":6},"end":{"line":94,"column":14}},{"start":{"line":94,"column":18},"end":{"line":94,"column":37}}],"line":94},"7":{"loc":{"start":{"line":104,"column":4},"end":{"line":113,"column":5}},"type":"if","locations":[{"start":{"line":104,"column":4},"end":{"line":113,"column":5}},{"start":{},"end":{}}],"line":104},"8":{"loc":{"start":{"line":133,"column":4},"end":{"line":133,"column":72}},"type":"if","locations":[{"start":{"line":133,"column":4},"end":{"line":133,"column":72}},{"start":{},"end":{}}],"line":133},"9":{"loc":{"start":{"line":161,"column":2},"end":{"line":163,"column":3}},"type":"if","locations":[{"start":{"line":161,"column":2},"end":{"line":163,"column":3}},{"start":{},"end":{}}],"line":161},"10":{"loc":{"start":{"line":171,"column":26},"end":{"line":171,"column":56}},"type":"binary-expr","locations":[{"start":{"line":171,"column":26},"end":{"line":171,"column":50}},{"start":{"line":171,"column":54},"end":{"line":171,"column":56}}],"line":171},"11":{"loc":{"start":{"line":172,"column":21},"end":{"line":172,"column":46}},"type":"binary-expr","locations":[{"start":{"line":172,"column":21},"end":{"line":172,"column":40}},{"start":{"line":172,"column":44},"end":{"line":172,"column":46}}],"line":172},"12":{"loc":{"start":{"line":176,"column":2},"end":{"line":178,"column":3}},"type":"if","locations":[{"start":{"line":176,"column":2},"end":{"line":178,"column":3}},{"start":{},"end":{}}],"line":176},"13":{"loc":{"start":{"line":190,"column":4},"end":{"line":198,"column":5}},"type":"if","locations":[{"start":{"line":190,"column":4},"end":{"line":198,"column":5}},{"start":{},"end":{}}],"line":190},"14":{"loc":{"start":{"line":190,"column":8},"end":{"line":190,"column":59}},"type":"binary-expr","locations":[{"start":{"line":190,"column":8},"end":{"line":190,"column":26}},{"start":{"line":190,"column":30},"end":{"line":190,"column":59}}],"line":190},"15":{"loc":{"start":{"line":200,"column":4},"end":{"line":230,"column":5}},"type":"if","locations":[{"start":{"line":200,"column":4},"end":{"line":230,"column":5}},{"start":{},"end":{}}],"line":200},"16":{"loc":{"start":{"line":200,"column":8},"end":{"line":200,"column":41}},"type":"binary-expr","locations":[{"start":{"line":200,"column":8},"end":{"line":200,"column":17}},{"start":{"line":200,"column":21},"end":{"line":200,"column":41}}],"line":200}},"s":{"0":3,"1":3,"2":3,"3":3,"4":3,"5":3,"6":3,"7":3,"8":3,"9":3,"10":0,"11":0,"12":3,"13":3,"14":3,"15":2,"16":2,"17":2,"18":1,"19":1,"20":3,"21":3,"22":3,"23":3,"24":3,"25":2,"26":2,"27":2,"28":2,"29":2,"30":2,"31":7,"32":2,"33":10,"34":2,"35":1,"36":1,"37":3,"38":0,"39":0,"40":0,"41":0,"42":0,"43":0,"44":0,"45":0,"46":0,"47":0,"48":0,"49":3,"50":2,"51":2,"52":1,"53":1,"54":3,"55":0,"56":0,"57":0,"58":0,"59":0,"60":0,"61":0,"62":0,"63":0,"64":0,"65":0,"66":0,"67":0,"68":0,"69":0,"70":0,"71":0,"72":0,"73":0,"74":0,"75":0,"76":0,"77":0,"78":0,"79":0,"80":0,"81":0},"f":{"0":0,"1":0,"2":2,"3":3,"4":2,"5":7,"6":10,"7":0,"8":0,"9":0,"10":2,"11":0,"12":0,"13":0,"14":0,"15":0,"16":0},"b":{"0":[1,1],"1":[2,1],"2":[1,1],"3":[2,0],"4":[2,0],"5":[2,0],"6":[2,2],"7":[1,1],"8":[0,0],"9":[1,1],"10":[0,0],"11":[0,0],"12":[0,0],"13":[0,0],"14":[0,0],"15":[0,0],"16":[0,0]},"_coverageSchema":"1a1c01bbd47fc00a2c39e90264f33305004495a9","hash":"6dacd307993527c5ae6bbe903e6a6475b86196e9"}
,"C:\\Darbai\\6 semestras\\owly-backend-deployed\\controllers\\schoolsController.js": {"path":"C:\\Darbai\\6 semestras\\owly-backend-deployed\\controllers\\schoolsController.js","statementMap":{"0":{"start":{"line":1,"column":22},"end":{"line":1,"column":42}},"1":{"start":{"line":2,"column":35},"end":{"line":2,"column":55}},"2":{"start":{"line":3,"column":17},"end":{"line":3,"column":45}},"3":{"start":{"line":4,"column":19},"end":{"line":4,"column":49}},"4":{"start":{"line":5,"column":26},"end":{"line":5,"column":63}},"5":{"start":{"line":7,"column":23},"end":{"line":43,"column":1}},"6":{"start":{"line":9,"column":37},"end":{"line":13,"column":4}},"7":{"start":{"line":16,"column":23},"end":{"line":21,"column":4}},"8":{"start":{"line":24,"column":35},"end":{"line":29,"column":4}},"9":{"start":{"line":31,"column":22},"end":{"line":35,"column":3}},"10":{"start":{"line":37,"column":2},"end":{"line":42,"column":4}},"11":{"start":{"line":45,"column":0},"end":{"line":62,"column":3}},"12":{"start":{"line":46,"column":27},"end":{"line":46,"column":37}},"13":{"start":{"line":48,"column":17},"end":{"line":48,"column":48}},"14":{"start":{"line":50,"column":2},"end":{"line":52,"column":3}},"15":{"start":{"line":51,"column":4},"end":{"line":51,"column":80}},"16":{"start":{"line":54,"column":22},"end":{"line":54,"column":52}},"17":{"start":{"line":56,"column":21},"end":{"line":59,"column":3}},"18":{"start":{"line":61,"column":2},"end":{"line":61,"column":47}},"19":{"start":{"line":64,"column":0},"end":{"line":78,"column":3}},"20":{"start":{"line":65,"column":18},"end":{"line":65,"column":40}},"21":{"start":{"line":67,"column":22},"end":{"line":75,"column":3}},"22":{"start":{"line":69,"column":26},"end":{"line":69,"column":57}},"23":{"start":{"line":70,"column":6},"end":{"line":73,"column":8}},"24":{"start":{"line":77,"column":2},"end":{"line":77,"column":49}},"25":{"start":{"line":80,"column":0},"end":{"line":84,"column":3}},"26":{"start":{"line":81,"column":20},"end":{"line":81,"column":56}},"27":{"start":{"line":83,"column":2},"end":{"line":83,"column":60}}},"fnMap":{"0":{"name":"(anonymous_0)","decl":{"start":{"line":7,"column":23},"end":{"line":7,"column":24}},"loc":{"start":{"line":7,"column":43},"end":{"line":43,"column":1}},"line":7},"1":{"name":"(anonymous_1)","decl":{"start":{"line":45,"column":31},"end":{"line":45,"column":32}},"loc":{"start":{"line":45,"column":57},"end":{"line":62,"column":1}},"line":45},"2":{"name":"(anonymous_2)","decl":{"start":{"line":64,"column":35},"end":{"line":64,"column":36}},"loc":{"start":{"line":64,"column":61},"end":{"line":78,"column":1}},"line":64},"3":{"name":"(anonymous_3)","decl":{"start":{"line":68,"column":16},"end":{"line":68,"column":17}},"loc":{"start":{"line":68,"column":34},"end":{"line":74,"column":5}},"line":68},"4":{"name":"(anonymous_4)","decl":{"start":{"line":80,"column":34},"end":{"line":80,"column":35}},"loc":{"start":{"line":80,"column":60},"end":{"line":84,"column":1}},"line":80}},"branchMap":{"0":{"loc":{"start":{"line":50,"column":2},"end":{"line":52,"column":3}},"type":"if","locations":[{"start":{"line":50,"column":2},"end":{"line":52,"column":3}},{"start":{},"end":{}}],"line":50}},"s":{"0":2,"1":2,"2":2,"3":2,"4":2,"5":2,"6":0,"7":0,"8":0,"9":0,"10":0,"11":2,"12":0,"13":0,"14":0,"15":0,"16":0,"17":0,"18":0,"19":2,"20":0,"21":0,"22":0,"23":0,"24":0,"25":2,"26":0,"27":0},"f":{"0":0,"1":0,"2":0,"3":0,"4":0},"b":{"0":[0,0]},"_coverageSchema":"1a1c01bbd47fc00a2c39e90264f33305004495a9","hash":"fe6f0601918fc57f0d6b21bc1db58ae62828b750"}
,"C:\\Darbai\\6 semestras\\owly-backend-deployed\\controllers\\userController.js": {"path":"C:\\Darbai\\6 semestras\\owly-backend-deployed\\controllers\\userController.js","statementMap":{"0":{"start":{"line":1,"column":19},"end":{"line":1,"column":49}},"1":{"start":{"line":2,"column":17},"end":{"line":2,"column":45}},"2":{"start":{"line":3,"column":14},"end":{"line":3,"column":39}},"3":{"start":{"line":4,"column":35},"end":{"line":4,"column":55}},"4":{"start":{"line":5,"column":15},"end":{"line":5,"column":32}},"5":{"start":{"line":6,"column":15},"end":{"line":6,"column":32}},"6":{"start":{"line":7,"column":22},"end":{"line":7,"column":37}},"7":{"start":{"line":8,"column":12},"end":{"line":8,"column":35}},"8":{"start":{"line":10,"column":0},"end":{"line":25,"column":3}},"9":{"start":{"line":11,"column":16},"end":{"line":16,"column":4}},"10":{"start":{"line":18,"column":20},"end":{"line":22,"column":4}},"11":{"start":{"line":19,"column":4},"end":{"line":19,"column":25}},"12":{"start":{"line":20,"column":4},"end":{"line":20,"column":40}},"13":{"start":{"line":21,"column":4},"end":{"line":21,"column":16}},"14":{"start":{"line":24,"column":2},"end":{"line":24,"column":38}},"15":{"start":{"line":27,"column":0},"end":{"line":76,"column":3}},"16":{"start":{"line":29,"column":23},"end":{"line":29,"column":79}},"17":{"start":{"line":30,"column":25},"end":{"line":30,"column":65}},"18":{"start":{"line":32,"column":2},"end":{"line":35,"column":6}},"19":{"start":{"line":33,"column":4},"end":{"line":35,"column":6}},"20":{"start":{"line":37,"column":2},"end":{"line":38,"column":65}},"21":{"start":{"line":38,"column":4},"end":{"line":38,"column":65}},"22":{"start":{"line":41,"column":18},"end":{"line":47,"column":4}},"23":{"start":{"line":49,"column":16},"end":{"line":51,"column":4}},"24":{"start":{"line":54,"column":2},"end":{"line":75,"column":3}},"25":{"start":{"line":55,"column":16},"end":{"line":57,"column":45}},"26":{"start":{"line":59,"column":24},"end":{"line":59,"column":40}},"27":{"start":{"line":60,"column":4},"end":{"line":60,"column":69}},"28":{"start":{"line":62,"column":4},"end":{"line":65,"column":7}},"29":{"start":{"line":67,"column":4},"end":{"line":67,"column":28}},"30":{"start":{"line":69,"column":4},"end":{"line":74,"column":6}},"31":{"start":{"line":78,"column":0},"end":{"line":103,"column":3}},"32":{"start":{"line":79,"column":40},"end":{"line":79,"column":48}},"33":{"start":{"line":81,"column":2},"end":{"line":83,"column":3}},"34":{"start":{"line":82,"column":4},"end":{"line":82,"column":61}},"35":{"start":{"line":86,"column":18},"end":{"line":89,"column":3}},"36":{"start":{"line":92,"column":13},"end":{"line":92,"column":44}},"37":{"start":{"line":93,"column":2},"end":{"line":97,"column":3}},"38":{"start":{"line":94,"column":4},"end":{"line":96,"column":6}},"39":{"start":{"line":99,"column":2},"end":{"line":99,"column":50}},"40":{"start":{"line":100,"column":2},"end":{"line":100,"column":20}},"41":{"start":{"line":102,"column":2},"end":{"line":102,"column":27}},"42":{"start":{"line":105,"column":0},"end":{"line":123,"column":3}},"43":{"start":{"line":106,"column":15},"end":{"line":111,"column":4}},"44":{"start":{"line":113,"column":2},"end":{"line":113,"column":62}},"45":{"start":{"line":113,"column":13},"end":{"line":113,"column":62}},"46":{"start":{"line":115,"column":19},"end":{"line":115,"column":32}},"47":{"start":{"line":116,"column":2},"end":{"line":116,"column":46}},"48":{"start":{"line":118,"column":2},"end":{"line":118,"column":30}},"49":{"start":{"line":119,"column":2},"end":{"line":119,"column":30}},"50":{"start":{"line":120,"column":2},"end":{"line":120,"column":28}},"51":{"start":{"line":122,"column":2},"end":{"line":122,"column":37}},"52":{"start":{"line":125,"column":0},"end":{"line":138,"column":3}},"53":{"start":{"line":126,"column":15},"end":{"line":126,"column":49}},"54":{"start":{"line":128,"column":2},"end":{"line":131,"column":6}},"55":{"start":{"line":129,"column":4},"end":{"line":131,"column":6}},"56":{"start":{"line":133,"column":22},"end":{"line":135,"column":4}},"57":{"start":{"line":137,"column":2},"end":{"line":137,"column":40}},"58":{"start":{"line":140,"column":0},"end":{"line":156,"column":3}},"59":{"start":{"line":141,"column":13},"end":{"line":141,"column":21}},"60":{"start":{"line":143,"column":17},"end":{"line":143,"column":53}},"61":{"start":{"line":145,"column":2},"end":{"line":155,"column":5}},"62":{"start":{"line":158,"column":0},"end":{"line":169,"column":3}},"63":{"start":{"line":159,"column":15},"end":{"line":159,"column":49}},"64":{"start":{"line":161,"column":2},"end":{"line":164,"column":6}},"65":{"start":{"line":162,"column":4},"end":{"line":164,"column":6}},"66":{"start":{"line":166,"column":22},"end":{"line":166,"column":74}},"67":{"start":{"line":168,"column":2},"end":{"line":168,"column":71}}},"fnMap":{"0":{"name":"(anonymous_0)","decl":{"start":{"line":10,"column":32},"end":{"line":10,"column":33}},"loc":{"start":{"line":10,"column":52},"end":{"line":25,"column":1}},"line":10},"1":{"name":"(anonymous_1)","decl":{"start":{"line":18,"column":30},"end":{"line":18,"column":31}},"loc":{"start":{"line":18,"column":40},"end":{"line":22,"column":3}},"line":18},"2":{"name":"(anonymous_2)","decl":{"start":{"line":27,"column":32},"end":{"line":27,"column":33}},"loc":{"start":{"line":27,"column":58},"end":{"line":76,"column":1}},"line":27},"3":{"name":"(anonymous_3)","decl":{"start":{"line":78,"column":36},"end":{"line":78,"column":37}},"loc":{"start":{"line":78,"column":62},"end":{"line":103,"column":1}},"line":78},"4":{"name":"(anonymous_4)","decl":{"start":{"line":105,"column":29},"end":{"line":105,"column":30}},"loc":{"start":{"line":105,"column":55},"end":{"line":123,"column":1}},"line":105},"5":{"name":"(anonymous_5)","decl":{"start":{"line":125,"column":32},"end":{"line":125,"column":33}},"loc":{"start":{"line":125,"column":58},"end":{"line":138,"column":1}},"line":125},"6":{"name":"(anonymous_6)","decl":{"start":{"line":140,"column":27},"end":{"line":140,"column":28}},"loc":{"start":{"line":140,"column":53},"end":{"line":156,"column":1}},"line":140},"7":{"name":"(anonymous_7)","decl":{"start":{"line":158,"column":32},"end":{"line":158,"column":33}},"loc":{"start":{"line":158,"column":58},"end":{"line":169,"column":1}},"line":158}},"branchMap":{"0":{"loc":{"start":{"line":20,"column":16},"end":{"line":20,"column":39}},"type":"binary-expr","locations":[{"start":{"line":20,"column":16},"end":{"line":20,"column":31}},{"start":{"line":20,"column":35},"end":{"line":20,"column":39}}],"line":20},"1":{"loc":{"start":{"line":32,"column":2},"end":{"line":35,"column":6}},"type":"if","locations":[{"start":{"line":32,"column":2},"end":{"line":35,"column":6}},{"start":{},"end":{}}],"line":32},"2":{"loc":{"start":{"line":37,"column":2},"end":{"line":38,"column":65}},"type":"if","locations":[{"start":{"line":37,"column":2},"end":{"line":38,"column":65}},{"start":{},"end":{}}],"line":37},"3":{"loc":{"start":{"line":81,"column":2},"end":{"line":83,"column":3}},"type":"if","locations":[{"start":{"line":81,"column":2},"end":{"line":83,"column":3}},{"start":{},"end":{}}],"line":81},"4":{"loc":{"start":{"line":93,"column":2},"end":{"line":97,"column":3}},"type":"if","locations":[{"start":{"line":93,"column":2},"end":{"line":97,"column":3}},{"start":{},"end":{}}],"line":93},"5":{"loc":{"start":{"line":113,"column":2},"end":{"line":113,"column":62}},"type":"if","locations":[{"start":{"line":113,"column":2},"end":{"line":113,"column":62}},{"start":{},"end":{}}],"line":113},"6":{"loc":{"start":{"line":116,"column":18},"end":{"line":116,"column":45}},"type":"binary-expr","locations":[{"start":{"line":116,"column":18},"end":{"line":116,"column":37}},{"start":{"line":116,"column":41},"end":{"line":116,"column":45}}],"line":116},"7":{"loc":{"start":{"line":128,"column":2},"end":{"line":131,"column":6}},"type":"if","locations":[{"start":{"line":128,"column":2},"end":{"line":131,"column":6}},{"start":{},"end":{}}],"line":128},"8":{"loc":{"start":{"line":161,"column":2},"end":{"line":164,"column":6}},"type":"if","locations":[{"start":{"line":161,"column":2},"end":{"line":164,"column":6}},{"start":{},"end":{}}],"line":161}},"s":{"0":2,"1":2,"2":2,"3":2,"4":2,"5":2,"6":2,"7":2,"8":2,"9":0,"10":0,"11":0,"12":0,"13":0,"14":0,"15":2,"16":0,"17":0,"18":0,"19":0,"20":0,"21":0,"22":0,"23":0,"24":0,"25":0,"26":0,"27":0,"28":0,"29":0,"30":0,"31":2,"32":0,"33":0,"34":0,"35":0,"36":0,"37":0,"38":0,"39":0,"40":0,"41":0,"42":2,"43":0,"44":0,"45":0,"46":0,"47":0,"48":0,"49":0,"50":0,"51":0,"52":2,"53":0,"54":0,"55":0,"56":0,"57":0,"58":2,"59":0,"60":0,"61":0,"62":2,"63":0,"64":0,"65":0,"66":0,"67":0},"f":{"0":0,"1":0,"2":0,"3":0,"4":0,"5":0,"6":0,"7":0},"b":{"0":[0,0],"1":[0,0],"2":[0,0],"3":[0,0],"4":[0,0],"5":[0,0],"6":[0,0],"7":[0,0],"8":[0,0]},"_coverageSchema":"1a1c01bbd47fc00a2c39e90264f33305004495a9","hash":"c0f64947517c79a300f887370356c608356dede6"}
,"C:\\Darbai\\6 semestras\\owly-backend-deployed\\models\\activity.js": {"path":"C:\\Darbai\\6 semestras\\owly-backend-deployed\\models\\activity.js","statementMap":{"0":{"start":{"line":1,"column":18},"end":{"line":1,"column":38}},"1":{"start":{"line":3,"column":0},"end":{"line":84,"column":2}},"2":{"start":{"line":6,"column":6},"end":{"line":6,"column":58}},"3":{"start":{"line":7,"column":6},"end":{"line":7,"column":75}},"4":{"start":{"line":8,"column":6},"end":{"line":8,"column":77}},"5":{"start":{"line":9,"column":6},"end":{"line":9,"column":51}},"6":{"start":{"line":12,"column":2},"end":{"line":82,"column":4}},"7":{"start":{"line":34,"column":26},"end":{"line":34,"column":36}},"8":{"start":{"line":35,"column":30},"end":{"line":35,"column":45}},"9":{"start":{"line":36,"column":12},"end":{"line":37,"column":71}},"10":{"start":{"line":37,"column":14},"end":{"line":37,"column":71}},"11":{"start":{"line":47,"column":30},"end":{"line":47,"column":45}},"12":{"start":{"line":48,"column":12},"end":{"line":49,"column":78}},"13":{"start":{"line":49,"column":14},"end":{"line":49,"column":78}},"14":{"start":{"line":83,"column":2},"end":{"line":83,"column":18}}},"fnMap":{"0":{"name":"(anonymous_0)","decl":{"start":{"line":3,"column":17},"end":{"line":3,"column":18}},"loc":{"start":{"line":3,"column":43},"end":{"line":84,"column":1}},"line":3},"1":{"name":"(anonymous_1)","decl":{"start":{"line":5,"column":4},"end":{"line":5,"column":5}},"loc":{"start":{"line":5,"column":58},"end":{"line":10,"column":5}},"line":5},"2":{"name":"(anonymous_2)","decl":{"start":{"line":33,"column":10},"end":{"line":33,"column":11}},"loc":{"start":{"line":33,"column":41},"end":{"line":38,"column":11}},"line":33},"3":{"name":"(anonymous_3)","decl":{"start":{"line":46,"column":10},"end":{"line":46,"column":11}},"loc":{"start":{"line":46,"column":48},"end":{"line":50,"column":11}},"line":46}},"branchMap":{"0":{"loc":{"start":{"line":36,"column":12},"end":{"line":37,"column":71}},"type":"if","locations":[{"start":{"line":36,"column":12},"end":{"line":37,"column":71}},{"start":{},"end":{}}],"line":36},"1":{"loc":{"start":{"line":48,"column":12},"end":{"line":49,"column":78}},"type":"if","locations":[{"start":{"line":48,"column":12},"end":{"line":49,"column":78}},{"start":{},"end":{}}],"line":48}},"s":{"0":4,"1":4,"2":4,"3":4,"4":4,"5":4,"6":4,"7":1,"8":1,"9":1,"10":0,"11":0,"12":0,"13":0,"14":4},"f":{"0":4,"1":4,"2":1,"3":0},"b":{"0":[0,1],"1":[0,0]},"_coverageSchema":"1a1c01bbd47fc00a2c39e90264f33305004495a9","hash":"16e07cdcd0c9bbf5f1734b6c52aef9a2d0a98164"}
,"C:\\Darbai\\6 semestras\\owly-backend-deployed\\models\\image.js": {"path":"C:\\Darbai\\6 semestras\\owly-backend-deployed\\models\\image.js","statementMap":{"0":{"start":{"line":2,"column":18},"end":{"line":2,"column":38}},"1":{"start":{"line":3,"column":0},"end":{"line":46,"column":2}},"2":{"start":{"line":9,"column":6},"end":{"line":9,"column":30}},"3":{"start":{"line":10,"column":6},"end":{"line":10,"column":31}},"4":{"start":{"line":13,"column":2},"end":{"line":44,"column":4}},"5":{"start":{"line":45,"column":2},"end":{"line":45,"column":15}}},"fnMap":{"0":{"name":"(anonymous_0)","decl":{"start":{"line":3,"column":17},"end":{"line":3,"column":18}},"loc":{"start":{"line":3,"column":43},"end":{"line":46,"column":1}},"line":3},"1":{"name":"(anonymous_1)","decl":{"start":{"line":8,"column":4},"end":{"line":8,"column":5}},"loc":{"start":{"line":8,"column":44},"end":{"line":11,"column":5}},"line":8}},"branchMap":{},"s":{"0":4,"1":4,"2":4,"3":4,"4":4,"5":4},"f":{"0":4,"1":4},"b":{},"_coverageSchema":"1a1c01bbd47fc00a2c39e90264f33305004495a9","hash":"ae4b385fd3a1d703d0b2dcad6d096d4adc8746bd"}
,"C:\\Darbai\\6 semestras\\owly-backend-deployed\\models\\index.js": {"path":"C:\\Darbai\\6 semestras\\owly-backend-deployed\\models\\index.js","statementMap":{"0":{"start":{"line":3,"column":11},"end":{"line":3,"column":24}},"1":{"start":{"line":4,"column":13},"end":{"line":4,"column":28}},"2":{"start":{"line":5,"column":18},"end":{"line":5,"column":38}},"3":{"start":{"line":6,"column":16},"end":{"line":6,"column":34}},"4":{"start":{"line":7,"column":17},"end":{"line":7,"column":42}},"5":{"start":{"line":8,"column":12},"end":{"line":8,"column":49}},"6":{"start":{"line":9,"column":15},"end":{"line":9,"column":75}},"7":{"start":{"line":10,"column":11},"end":{"line":10,"column":13}},"8":{"start":{"line":13,"column":0},"end":{"line":22,"column":1}},"9":{"start":{"line":14,"column":2},"end":{"line":14,"column":74}},"10":{"start":{"line":16,"column":2},"end":{"line":21,"column":4}},"11":{"start":{"line":24,"column":0},"end":{"line":36,"column":5}},"12":{"start":{"line":26,"column":4},"end":{"line":28,"column":6}},"13":{"start":{"line":31,"column":18},"end":{"line":34,"column":5}},"14":{"start":{"line":35,"column":4},"end":{"line":35,"column":27}},"15":{"start":{"line":38,"column":0},"end":{"line":42,"column":3}},"16":{"start":{"line":39,"column":2},"end":{"line":41,"column":3}},"17":{"start":{"line":40,"column":4},"end":{"line":40,"column":32}},"18":{"start":{"line":44,"column":0},"end":{"line":44,"column":25}},"19":{"start":{"line":45,"column":0},"end":{"line":45,"column":25}},"20":{"start":{"line":47,"column":0},"end":{"line":47,"column":20}}},"fnMap":{"0":{"name":"(anonymous_0)","decl":{"start":{"line":25,"column":10},"end":{"line":25,"column":11}},"loc":{"start":{"line":25,"column":20},"end":{"line":29,"column":3}},"line":25},"1":{"name":"(anonymous_1)","decl":{"start":{"line":30,"column":11},"end":{"line":30,"column":12}},"loc":{"start":{"line":30,"column":21},"end":{"line":36,"column":3}},"line":30},"2":{"name":"(anonymous_2)","decl":{"start":{"line":38,"column":24},"end":{"line":38,"column":25}},"loc":{"start":{"line":38,"column":39},"end":{"line":42,"column":1}},"line":38}},"branchMap":{"0":{"loc":{"start":{"line":8,"column":12},"end":{"line":8,"column":49}},"type":"binary-expr","locations":[{"start":{"line":8,"column":12},"end":{"line":8,"column":32}},{"start":{"line":8,"column":36},"end":{"line":8,"column":49}}],"line":8},"1":{"loc":{"start":{"line":13,"column":0},"end":{"line":22,"column":1}},"type":"if","locations":[{"start":{"line":13,"column":0},"end":{"line":22,"column":1}},{"start":{"line":15,"column":7},"end":{"line":22,"column":1}}],"line":13},"2":{"loc":{"start":{"line":27,"column":6},"end":{"line":27,"column":78}},"type":"binary-expr","locations":[{"start":{"line":27,"column":6},"end":{"line":27,"column":29}},{"start":{"line":27,"column":33},"end":{"line":27,"column":50}},{"start":{"line":27,"column":54},"end":{"line":27,"column":78}}],"line":27},"3":{"loc":{"start":{"line":39,"column":2},"end":{"line":41,"column":3}},"type":"if","locations":[{"start":{"line":39,"column":2},"end":{"line":41,"column":3}},{"start":{},"end":{}}],"line":39}},"s":{"0":4,"1":4,"2":4,"3":4,"4":4,"5":4,"6":4,"7":4,"8":4,"9":0,"10":4,"11":4,"12":36,"13":32,"14":32,"15":4,"16":32,"17":32,"18":4,"19":4,"20":4},"f":{"0":36,"1":32,"2":32},"b":{"0":[4,0],"1":[0,4],"2":[36,36,32],"3":[32,0]},"_coverageSchema":"1a1c01bbd47fc00a2c39e90264f33305004495a9","hash":"9c1301de52a05df3e82e88ecadab143b267c2945"}
,"C:\\Darbai\\6 semestras\\owly-backend-deployed\\models\\meeting.js": {"path":"C:\\Darbai\\6 semestras\\owly-backend-deployed\\models\\meeting.js","statementMap":{"0":{"start":{"line":2,"column":18},"end":{"line":2,"column":38}},"1":{"start":{"line":4,"column":0},"end":{"line":92,"column":2}},"2":{"start":{"line":7,"column":6},"end":{"line":7,"column":26}},"3":{"start":{"line":8,"column":6},"end":{"line":11,"column":9}},"4":{"start":{"line":13,"column":6},"end":{"line":21,"column":9}},"5":{"start":{"line":24,"column":2},"end":{"line":90,"column":4}},"6":{"start":{"line":41,"column":26},"end":{"line":41,"column":36}},"7":{"start":{"line":42,"column":30},"end":{"line":42,"column":45}},"8":{"start":{"line":43,"column":12},"end":{"line":44,"column":71}},"9":{"start":{"line":44,"column":14},"end":{"line":44,"column":71}},"10":{"start":{"line":55,"column":30},"end":{"line":55,"column":45}},"11":{"start":{"line":56,"column":12},"end":{"line":57,"column":71}},"12":{"start":{"line":57,"column":14},"end":{"line":57,"column":71}},"13":{"start":{"line":91,"column":2},"end":{"line":91,"column":17}}},"fnMap":{"0":{"name":"(anonymous_0)","decl":{"start":{"line":4,"column":17},"end":{"line":4,"column":18}},"loc":{"start":{"line":4,"column":43},"end":{"line":92,"column":1}},"line":4},"1":{"name":"(anonymous_1)","decl":{"start":{"line":6,"column":4},"end":{"line":6,"column":5}},"loc":{"start":{"line":6,"column":38},"end":{"line":22,"column":5}},"line":6},"2":{"name":"(anonymous_2)","decl":{"start":{"line":40,"column":10},"end":{"line":40,"column":11}},"loc":{"start":{"line":40,"column":41},"end":{"line":45,"column":11}},"line":40},"3":{"name":"(anonymous_3)","decl":{"start":{"line":54,"column":10},"end":{"line":54,"column":11}},"loc":{"start":{"line":54,"column":41},"end":{"line":58,"column":11}},"line":54}},"branchMap":{"0":{"loc":{"start":{"line":43,"column":12},"end":{"line":44,"column":71}},"type":"if","locations":[{"start":{"line":43,"column":12},"end":{"line":44,"column":71}},{"start":{},"end":{}}],"line":43},"1":{"loc":{"start":{"line":56,"column":12},"end":{"line":57,"column":71}},"type":"if","locations":[{"start":{"line":56,"column":12},"end":{"line":57,"column":71}},{"start":{},"end":{}}],"line":56}},"s":{"0":4,"1":4,"2":4,"3":4,"4":4,"5":4,"6":0,"7":0,"8":0,"9":0,"10":0,"11":0,"12":0,"13":4},"f":{"0":4,"1":4,"2":0,"3":0},"b":{"0":[0,0],"1":[0,0]},"_coverageSchema":"1a1c01bbd47fc00a2c39e90264f33305004495a9","hash":"49987e77868515d7f00b33e7f2093a9fe4523465"}
,"C:\\Darbai\\6 semestras\\owly-backend-deployed\\models\\participant.js": {"path":"C:\\Darbai\\6 semestras\\owly-backend-deployed\\models\\participant.js","statementMap":{"0":{"start":{"line":1,"column":18},"end":{"line":1,"column":38}},"1":{"start":{"line":3,"column":0},"end":{"line":40,"column":2}},"2":{"start":{"line":9,"column":2},"end":{"line":38,"column":4}},"3":{"start":{"line":39,"column":2},"end":{"line":39,"column":21}}},"fnMap":{"0":{"name":"(anonymous_0)","decl":{"start":{"line":3,"column":17},"end":{"line":3,"column":18}},"loc":{"start":{"line":3,"column":43},"end":{"line":40,"column":1}},"line":3},"1":{"name":"(anonymous_1)","decl":{"start":{"line":5,"column":4},"end":{"line":5,"column":5}},"loc":{"start":{"line":5,"column":29},"end":{"line":7,"column":5}},"line":5}},"branchMap":{},"s":{"0":4,"1":4,"2":4,"3":4},"f":{"0":4,"1":4},"b":{},"_coverageSchema":"1a1c01bbd47fc00a2c39e90264f33305004495a9","hash":"eee3b21283b93c24f0d15ac92b1632a6f66717a1"}
,"C:\\Darbai\\6 semestras\\owly-backend-deployed\\models\\school.js": {"path":"C:\\Darbai\\6 semestras\\owly-backend-deployed\\models\\school.js","statementMap":{"0":{"start":{"line":2,"column":18},"end":{"line":2,"column":38}},"1":{"start":{"line":3,"column":0},"end":{"line":36,"column":2}},"2":{"start":{"line":6,"column":6},"end":{"line":6,"column":54}},"3":{"start":{"line":7,"column":6},"end":{"line":7,"column":29}},"4":{"start":{"line":10,"column":2},"end":{"line":34,"column":4}},"5":{"start":{"line":35,"column":2},"end":{"line":35,"column":16}}},"fnMap":{"0":{"name":"(anonymous_0)","decl":{"start":{"line":3,"column":17},"end":{"line":3,"column":18}},"loc":{"start":{"line":3,"column":43},"end":{"line":36,"column":1}},"line":3},"1":{"name":"(anonymous_1)","decl":{"start":{"line":5,"column":4},"end":{"line":5,"column":5}},"loc":{"start":{"line":5,"column":41},"end":{"line":8,"column":5}},"line":5}},"branchMap":{},"s":{"0":4,"1":4,"2":4,"3":4,"4":4,"5":4},"f":{"0":4,"1":4},"b":{},"_coverageSchema":"1a1c01bbd47fc00a2c39e90264f33305004495a9","hash":"a1840ad041c0a9bdcfb07739dd81d28cf25f2238"}
,"C:\\Darbai\\6 semestras\\owly-backend-deployed\\models\\supervisor.js": {"path":"C:\\Darbai\\6 semestras\\owly-backend-deployed\\models\\supervisor.js","statementMap":{"0":{"start":{"line":2,"column":18},"end":{"line":2,"column":38}},"1":{"start":{"line":3,"column":0},"end":{"line":39,"column":2}},"2":{"start":{"line":9,"column":2},"end":{"line":37,"column":4}},"3":{"start":{"line":38,"column":2},"end":{"line":38,"column":20}}},"fnMap":{"0":{"name":"(anonymous_0)","decl":{"start":{"line":3,"column":17},"end":{"line":3,"column":18}},"loc":{"start":{"line":3,"column":43},"end":{"line":39,"column":1}},"line":3},"1":{"name":"(anonymous_1)","decl":{"start":{"line":5,"column":4},"end":{"line":5,"column":5}},"loc":{"start":{"line":5,"column":29},"end":{"line":7,"column":5}},"line":5}},"branchMap":{},"s":{"0":4,"1":4,"2":4,"3":4},"f":{"0":4,"1":4},"b":{},"_coverageSchema":"1a1c01bbd47fc00a2c39e90264f33305004495a9","hash":"2f56d59003765793f9d53da50e6d7648c1028bcc"}
,"C:\\Darbai\\6 semestras\\owly-backend-deployed\\models\\user.js": {"path":"C:\\Darbai\\6 semestras\\owly-backend-deployed\\models\\user.js","statementMap":{"0":{"start":{"line":1,"column":18},"end":{"line":1,"column":38}},"1":{"start":{"line":2,"column":15},"end":{"line":2,"column":32}},"2":{"start":{"line":3,"column":15},"end":{"line":3,"column":32}},"3":{"start":{"line":5,"column":0},"end":{"line":77,"column":2}},"4":{"start":{"line":8,"column":6},"end":{"line":8,"column":68}},"5":{"start":{"line":12,"column":6},"end":{"line":14,"column":9}},"6":{"start":{"line":15,"column":6},"end":{"line":23,"column":9}},"7":{"start":{"line":24,"column":6},"end":{"line":24,"column":67}},"8":{"start":{"line":25,"column":6},"end":{"line":25,"column":31}},"9":{"start":{"line":26,"column":6},"end":{"line":26,"column":58}},"10":{"start":{"line":30,"column":2},"end":{"line":74,"column":4}},"11":{"start":{"line":76,"column":2},"end":{"line":76,"column":14}}},"fnMap":{"0":{"name":"(anonymous_0)","decl":{"start":{"line":5,"column":17},"end":{"line":5,"column":18}},"loc":{"start":{"line":5,"column":43},"end":{"line":77,"column":1}},"line":5},"1":{"name":"(anonymous_1)","decl":{"start":{"line":7,"column":4},"end":{"line":7,"column":5}},"loc":{"start":{"line":7,"column":47},"end":{"line":9,"column":5}},"line":7},"2":{"name":"(anonymous_2)","decl":{"start":{"line":11,"column":4},"end":{"line":11,"column":5}},"loc":{"start":{"line":11,"column":74},"end":{"line":27,"column":5}},"line":11}},"branchMap":{},"s":{"0":4,"1":4,"2":4,"3":4,"4":1,"5":4,"6":4,"7":4,"8":4,"9":4,"10":4,"11":4},"f":{"0":4,"1":1,"2":4},"b":{},"_coverageSchema":"1a1c01bbd47fc00a2c39e90264f33305004495a9","hash":"5d76841a1455a63e94c17d905fcb34248d2bfefb"}
,"C:\\Darbai\\6 semestras\\owly-backend-deployed\\models\\userrole.js": {"path":"C:\\Darbai\\6 semestras\\owly-backend-deployed\\models\\userrole.js","statementMap":{"0":{"start":{"line":2,"column":18},"end":{"line":2,"column":38}},"1":{"start":{"line":3,"column":0},"end":{"line":32,"column":2}},"2":{"start":{"line":9,"column":6},"end":{"line":9,"column":25}},"3":{"start":{"line":12,"column":2},"end":{"line":30,"column":4}},"4":{"start":{"line":31,"column":2},"end":{"line":31,"column":18}}},"fnMap":{"0":{"name":"(anonymous_0)","decl":{"start":{"line":3,"column":17},"end":{"line":3,"column":18}},"loc":{"start":{"line":3,"column":43},"end":{"line":32,"column":1}},"line":3},"1":{"name":"(anonymous_1)","decl":{"start":{"line":8,"column":4},"end":{"line":8,"column":5}},"loc":{"start":{"line":8,"column":31},"end":{"line":10,"column":5}},"line":8}},"branchMap":{},"s":{"0":4,"1":4,"2":4,"3":4,"4":4},"f":{"0":4,"1":4},"b":{},"_coverageSchema":"1a1c01bbd47fc00a2c39e90264f33305004495a9","hash":"352ae5c77920eaba46b78c57b03208472515777f"}
,"C:\\Darbai\\6 semestras\\owly-backend-deployed\\routes\\activitiesRoutes.js": {"path":"C:\\Darbai\\6 semestras\\owly-backend-deployed\\routes\\activitiesRoutes.js","statementMap":{"0":{"start":{"line":1,"column":16},"end":{"line":1,"column":34}},"1":{"start":{"line":2,"column":28},"end":{"line":2,"column":74}},"2":{"start":{"line":3,"column":23},"end":{"line":3,"column":63}},"3":{"start":{"line":5,"column":15},"end":{"line":5,"column":52}},"4":{"start":{"line":7,"column":0},"end":{"line":7,"column":35}},"5":{"start":{"line":9,"column":0},"end":{"line":15,"column":4}},"6":{"start":{"line":17,"column":0},"end":{"line":25,"column":46}},"7":{"start":{"line":27,"column":0},"end":{"line":27,"column":24}}},"fnMap":{},"branchMap":{},"s":{"0":2,"1":2,"2":2,"3":2,"4":2,"5":2,"6":2,"7":2},"f":{},"b":{},"_coverageSchema":"1a1c01bbd47fc00a2c39e90264f33305004495a9","hash":"a672f4ad8beef64346cbf68cc8f1e21a67c3b52e"}
,"C:\\Darbai\\6 semestras\\owly-backend-deployed\\routes\\meetingRoutes.js": {"path":"C:\\Darbai\\6 semestras\\owly-backend-deployed\\routes\\meetingRoutes.js","statementMap":{"0":{"start":{"line":1,"column":16},"end":{"line":1,"column":34}},"1":{"start":{"line":2,"column":26},"end":{"line":2,"column":69}},"2":{"start":{"line":3,"column":23},"end":{"line":3,"column":63}},"3":{"start":{"line":5,"column":15},"end":{"line":5,"column":31}},"4":{"start":{"line":7,"column":0},"end":{"line":7,"column":35}},"5":{"start":{"line":9,"column":0},"end":{"line":16,"column":4}},"6":{"start":{"line":18,"column":0},"end":{"line":26,"column":4}},"7":{"start":{"line":28,"column":0},"end":{"line":28,"column":24}}},"fnMap":{},"branchMap":{},"s":{"0":2,"1":2,"2":2,"3":2,"4":2,"5":2,"6":2,"7":2},"f":{},"b":{},"_coverageSchema":"1a1c01bbd47fc00a2c39e90264f33305004495a9","hash":"b707751b96ae1a2b5d33fde9b38460c9c283a18f"}
,"C:\\Darbai\\6 semestras\\owly-backend-deployed\\routes\\schoolRoutes.js": {"path":"C:\\Darbai\\6 semestras\\owly-backend-deployed\\routes\\schoolRoutes.js","statementMap":{"0":{"start":{"line":1,"column":16},"end":{"line":1,"column":34}},"1":{"start":{"line":2,"column":26},"end":{"line":2,"column":69}},"2":{"start":{"line":3,"column":23},"end":{"line":3,"column":63}},"3":{"start":{"line":5,"column":15},"end":{"line":5,"column":31}},"4":{"start":{"line":7,"column":0},"end":{"line":7,"column":67}},"5":{"start":{"line":9,"column":0},"end":{"line":9,"column":35}},"6":{"start":{"line":11,"column":0},"end":{"line":11,"column":54}},"7":{"start":{"line":12,"column":0},"end":{"line":18,"column":4}},"8":{"start":{"line":20,"column":0},"end":{"line":20,"column":24}}},"fnMap":{},"branchMap":{},"s":{"0":2,"1":2,"2":2,"3":2,"4":2,"5":2,"6":2,"7":2,"8":2},"f":{},"b":{},"_coverageSchema":"1a1c01bbd47fc00a2c39e90264f33305004495a9","hash":"a428aa06658ec8a5aed264b6be50b239f3909920"}
,"C:\\Darbai\\6 semestras\\owly-backend-deployed\\routes\\userRoutes.js": {"path":"C:\\Darbai\\6 semestras\\owly-backend-deployed\\routes\\userRoutes.js","statementMap":{"0":{"start":{"line":1,"column":16},"end":{"line":1,"column":34}},"1":{"start":{"line":2,"column":23},"end":{"line":2,"column":63}},"2":{"start":{"line":3,"column":23},"end":{"line":3,"column":63}},"3":{"start":{"line":5,"column":15},"end":{"line":5,"column":31}},"4":{"start":{"line":7,"column":0},"end":{"line":7,"column":44}},"5":{"start":{"line":8,"column":0},"end":{"line":8,"column":70}},"6":{"start":{"line":11,"column":0},"end":{"line":11,"column":35}},"7":{"start":{"line":13,"column":0},"end":{"line":17,"column":2}},"8":{"start":{"line":19,"column":0},"end":{"line":22,"column":35}},"9":{"start":{"line":24,"column":0},"end":{"line":24,"column":46}},"10":{"start":{"line":26,"column":0},"end":{"line":30,"column":73}},"11":{"start":{"line":32,"column":0},"end":{"line":32,"column":24}}},"fnMap":{},"branchMap":{},"s":{"0":2,"1":2,"2":2,"3":2,"4":2,"5":2,"6":2,"7":2,"8":2,"9":2,"10":2,"11":2},"f":{},"b":{},"_coverageSchema":"1a1c01bbd47fc00a2c39e90264f33305004495a9","hash":"e21f1487a4e9a12f9e30cfc84d3d87ac34db2b63"}
,"C:\\Darbai\\6 semestras\\owly-backend-deployed\\seeders\\schools.js": {"path":"C:\\Darbai\\6 semestras\\owly-backend-deployed\\seeders\\schools.js","statementMap":{"0":{"start":{"line":3,"column":0},"end":{"line":27,"column":2}},"1":{"start":{"line":5,"column":4},"end":{"line":21,"column":7}},"2":{"start":{"line":25,"column":4},"end":{"line":25,"column":57}}},"fnMap":{"0":{"name":"(anonymous_0)","decl":{"start":{"line":4,"column":6},"end":{"line":4,"column":7}},"loc":{"start":{"line":4,"column":43},"end":{"line":22,"column":3}},"line":4},"1":{"name":"(anonymous_1)","decl":{"start":{"line":24,"column":8},"end":{"line":24,"column":9}},"loc":{"start":{"line":24,"column":45},"end":{"line":26,"column":3}},"line":24}},"branchMap":{},"s":{"0":2,"1":2,"2":0},"f":{"0":2,"1":0},"b":{},"_coverageSchema":"1a1c01bbd47fc00a2c39e90264f33305004495a9","hash":"574a2af952c87c4b079df515f3a645d482790191"}
,"C:\\Darbai\\6 semestras\\owly-backend-deployed\\seeders\\userroles.js": {"path":"C:\\Darbai\\6 semestras\\owly-backend-deployed\\seeders\\userroles.js","statementMap":{"0":{"start":{"line":3,"column":0},"end":{"line":24,"column":2}},"1":{"start":{"line":5,"column":4},"end":{"line":18,"column":7}},"2":{"start":{"line":22,"column":4},"end":{"line":22,"column":60}}},"fnMap":{"0":{"name":"(anonymous_0)","decl":{"start":{"line":4,"column":6},"end":{"line":4,"column":7}},"loc":{"start":{"line":4,"column":43},"end":{"line":19,"column":3}},"line":4},"1":{"name":"(anonymous_1)","decl":{"start":{"line":21,"column":8},"end":{"line":21,"column":9}},"loc":{"start":{"line":21,"column":45},"end":{"line":23,"column":3}},"line":21}},"branchMap":{},"s":{"0":2,"1":2,"2":0},"f":{"0":2,"1":0},"b":{},"_coverageSchema":"1a1c01bbd47fc00a2c39e90264f33305004495a9","hash":"bfd7e19c6be4629a50dc7b3a8fedfb02d2399781"}
,"C:\\Darbai\\6 semestras\\owly-backend-deployed\\seeders\\users.js": {"path":"C:\\Darbai\\6 semestras\\owly-backend-deployed\\seeders\\users.js","statementMap":{"0":{"start":{"line":3,"column":15},"end":{"line":3,"column":32}},"1":{"start":{"line":5,"column":0},"end":{"line":45,"column":2}},"2":{"start":{"line":7,"column":28},"end":{"line":7,"column":61}},"3":{"start":{"line":8,"column":28},"end":{"line":8,"column":63}},"4":{"start":{"line":9,"column":28},"end":{"line":9,"column":61}},"5":{"start":{"line":11,"column":4},"end":{"line":39,"column":7}},"6":{"start":{"line":43,"column":4},"end":{"line":43,"column":55}}},"fnMap":{"0":{"name":"(anonymous_0)","decl":{"start":{"line":6,"column":6},"end":{"line":6,"column":7}},"loc":{"start":{"line":6,"column":43},"end":{"line":40,"column":3}},"line":6},"1":{"name":"(anonymous_1)","decl":{"start":{"line":42,"column":8},"end":{"line":42,"column":9}},"loc":{"start":{"line":42,"column":45},"end":{"line":44,"column":3}},"line":42}},"branchMap":{},"s":{"0":2,"1":2,"2":2,"3":2,"4":2,"5":2,"6":0},"f":{"0":2,"1":0},"b":{},"_coverageSchema":"1a1c01bbd47fc00a2c39e90264f33305004495a9","hash":"1c43338ca559f05953ad23a94f67a815613e43e5"}
,"C:\\Darbai\\6 semestras\\owly-backend-deployed\\utils\\AppError.js": {"path":"C:\\Darbai\\6 semestras\\owly-backend-deployed\\utils\\AppError.js","statementMap":{"0":{"start":{"line":3,"column":4},"end":{"line":3,"column":19}},"1":{"start":{"line":5,"column":4},"end":{"line":5,"column":33}},"2":{"start":{"line":6,"column":4},"end":{"line":6,"column":51}},"3":{"start":{"line":8,"column":4},"end":{"line":8,"column":52}},"4":{"start":{"line":12,"column":0},"end":{"line":12,"column":26}}},"fnMap":{"0":{"name":"(anonymous_0)","decl":{"start":{"line":2,"column":2},"end":{"line":2,"column":3}},"loc":{"start":{"line":2,"column":35},"end":{"line":9,"column":3}},"line":2}},"branchMap":{},"s":{"0":23,"1":23,"2":23,"3":23,"4":4},"f":{"0":23},"b":{},"_coverageSchema":"1a1c01bbd47fc00a2c39e90264f33305004495a9","hash":"e8880fb98576e4fea5776c1e92cf76aa8de18905"}
,"C:\\Darbai\\6 semestras\\owly-backend-deployed\\utils\\assignSchoolLevel.js": {"path":"C:\\Darbai\\6 semestras\\owly-backend-deployed\\utils\\assignSchoolLevel.js","statementMap":{"0":{"start":{"line":1,"column":0},"end":{"line":10,"column":2}},"1":{"start":{"line":3,"column":4},"end":{"line":3,"column":76}},"2":{"start":{"line":5,"column":2},"end":{"line":9,"column":23}},"3":{"start":{"line":5,"column":17},"end":{"line":5,"column":35}},"4":{"start":{"line":6,"column":7},"end":{"line":9,"column":23}},"5":{"start":{"line":6,"column":22},"end":{"line":6,"column":38}},"6":{"start":{"line":7,"column":7},"end":{"line":9,"column":23}},"7":{"start":{"line":7,"column":23},"end":{"line":7,"column":45}},"8":{"start":{"line":8,"column":7},"end":{"line":9,"column":23}},"9":{"start":{"line":8,"column":23},"end":{"line":8,"column":41}},"10":{"start":{"line":9,"column":7},"end":{"line":9,"column":23}}},"fnMap":{"0":{"name":"(anonymous_0)","decl":{"start":{"line":1,"column":17},"end":{"line":1,"column":18}},"loc":{"start":{"line":1,"column":75},"end":{"line":10,"column":1}},"line":1}},"branchMap":{"0":{"loc":{"start":{"line":5,"column":2},"end":{"line":9,"column":23}},"type":"if","locations":[{"start":{"line":5,"column":2},"end":{"line":9,"column":23}},{"start":{"line":6,"column":7},"end":{"line":9,"column":23}}],"line":5},"1":{"loc":{"start":{"line":6,"column":7},"end":{"line":9,"column":23}},"type":"if","locations":[{"start":{"line":6,"column":7},"end":{"line":9,"column":23}},{"start":{"line":7,"column":7},"end":{"line":9,"column":23}}],"line":6},"2":{"loc":{"start":{"line":7,"column":7},"end":{"line":9,"column":23}},"type":"if","locations":[{"start":{"line":7,"column":7},"end":{"line":9,"column":23}},{"start":{"line":8,"column":7},"end":{"line":9,"column":23}}],"line":7},"3":{"loc":{"start":{"line":8,"column":7},"end":{"line":9,"column":23}},"type":"if","locations":[{"start":{"line":8,"column":7},"end":{"line":9,"column":23}},{"start":{"line":9,"column":7},"end":{"line":9,"column":23}}],"line":8}},"s":{"0":2,"1":0,"2":0,"3":0,"4":0,"5":0,"6":0,"7":0,"8":0,"9":0,"10":0},"f":{"0":0},"b":{"0":[0,0],"1":[0,0],"2":[0,0],"3":[0,0]},"_coverageSchema":"1a1c01bbd47fc00a2c39e90264f33305004495a9","hash":"d3657db88950ccd8e692794a314ba326824382f9"}
,"C:\\Darbai\\6 semestras\\owly-backend-deployed\\utils\\catchAsync.js": {"path":"C:\\Darbai\\6 semestras\\owly-backend-deployed\\utils\\catchAsync.js","statementMap":{"0":{"start":{"line":1,"column":0},"end":{"line":5,"column":2}},"1":{"start":{"line":2,"column":2},"end":{"line":4,"column":4}},"2":{"start":{"line":3,"column":4},"end":{"line":3,"column":49}},"3":{"start":{"line":3,"column":38},"end":{"line":3,"column":47}}},"fnMap":{"0":{"name":"(anonymous_0)","decl":{"start":{"line":1,"column":17},"end":{"line":1,"column":18}},"loc":{"start":{"line":1,"column":25},"end":{"line":5,"column":1}},"line":1},"1":{"name":"(anonymous_1)","decl":{"start":{"line":2,"column":9},"end":{"line":2,"column":10}},"loc":{"start":{"line":2,"column":29},"end":{"line":4,"column":3}},"line":2},"2":{"name":"(anonymous_2)","decl":{"start":{"line":3,"column":29},"end":{"line":3,"column":30}},"loc":{"start":{"line":3,"column":38},"end":{"line":3,"column":47}},"line":3}},"branchMap":{},"s":{"0":3,"1":54,"2":18,"3":0},"f":{"0":54,"1":18,"2":0},"b":{},"_coverageSchema":"1a1c01bbd47fc00a2c39e90264f33305004495a9","hash":"91507ad248d4450e62544226f5096e230c2fd3dc"}
,"C:\\Darbai\\6 semestras\\owly-backend-deployed\\utils\\createSendToken.js": {"path":"C:\\Darbai\\6 semestras\\owly-backend-deployed\\utils\\createSendToken.js","statementMap":{"0":{"start":{"line":1,"column":12},"end":{"line":1,"column":35}},"1":{"start":{"line":3,"column":18},"end":{"line":6,"column":4}},"2":{"start":{"line":4,"column":2},"end":{"line":6,"column":4}},"3":{"start":{"line":8,"column":0},"end":{"line":23,"column":2}},"4":{"start":{"line":9,"column":16},"end":{"line":9,"column":33}},"5":{"start":{"line":11,"column":14},"end":{"line":13,"column":3}},"6":{"start":{"line":15,"column":2},"end":{"line":20,"column":5}},"7":{"start":{"line":22,"column":2},"end":{"line":22,"column":79}}},"fnMap":{"0":{"name":"(anonymous_0)","decl":{"start":{"line":3,"column":18},"end":{"line":3,"column":19}},"loc":{"start":{"line":4,"column":2},"end":{"line":6,"column":4}},"line":4},"1":{"name":"(anonymous_1)","decl":{"start":{"line":8,"column":17},"end":{"line":8,"column":18}},"loc":{"start":{"line":8,"column":46},"end":{"line":23,"column":1}},"line":8}},"branchMap":{},"s":{"0":2,"1":2,"2":1,"3":2,"4":1,"5":1,"6":1,"7":1},"f":{"0":1,"1":1},"b":{},"_coverageSchema":"1a1c01bbd47fc00a2c39e90264f33305004495a9","hash":"c127ad5d9084c59d6c3ce27e80a0608973de665a"}
,"C:\\Darbai\\6 semestras\\owly-backend-deployed\\utils\\deleteFilesThatStartWith.js": {"path":"C:\\Darbai\\6 semestras\\owly-backend-deployed\\utils\\deleteFilesThatStartWith.js","statementMap":{"0":{"start":{"line":1,"column":11},"end":{"line":1,"column":24}},"1":{"start":{"line":2,"column":13},"end":{"line":2,"column":28}},"2":{"start":{"line":4,"column":0},"end":{"line":24,"column":2}},"3":{"start":{"line":5,"column":24},"end":{"line":9,"column":3}},"4":{"start":{"line":11,"column":30},"end":{"line":11,"column":41}},"5":{"start":{"line":13,"column":2},"end":{"line":23,"column":3}},"6":{"start":{"line":15,"column":4},"end":{"line":15,"column":64}},"7":{"start":{"line":17,"column":18},"end":{"line":17,"column":46}},"8":{"start":{"line":18,"column":4},"end":{"line":20,"column":65}},"9":{"start":{"line":19,"column":24},"end":{"line":19,"column":53}},"10":{"start":{"line":20,"column":25},"end":{"line":20,"column":63}},"11":{"start":{"line":22,"column":4},"end":{"line":22,"column":52}}},"fnMap":{"0":{"name":"(anonymous_0)","decl":{"start":{"line":4,"column":17},"end":{"line":4,"column":18}},"loc":{"start":{"line":4,"column":41},"end":{"line":24,"column":1}},"line":4},"1":{"name":"(anonymous_1)","decl":{"start":{"line":19,"column":14},"end":{"line":19,"column":15}},"loc":{"start":{"line":19,"column":24},"end":{"line":19,"column":53}},"line":19},"2":{"name":"(anonymous_2)","decl":{"start":{"line":20,"column":15},"end":{"line":20,"column":16}},"loc":{"start":{"line":20,"column":25},"end":{"line":20,"column":63}},"line":20}},"branchMap":{"0":{"loc":{"start":{"line":15,"column":4},"end":{"line":15,"column":63}},"type":"binary-expr","locations":[{"start":{"line":15,"column":4},"end":{"line":15,"column":32}},{"start":{"line":15,"column":36},"end":{"line":15,"column":63}}],"line":15}},"s":{"0":3,"1":3,"2":3,"3":0,"4":0,"5":0,"6":0,"7":0,"8":0,"9":0,"10":0,"11":0},"f":{"0":0,"1":0,"2":0},"b":{"0":[0,0]},"_coverageSchema":"1a1c01bbd47fc00a2c39e90264f33305004495a9","hash":"8eb8a17dd6d9e47fad32ad38f5b4dcb1dfaa089a"}
,"C:\\Darbai\\6 semestras\\owly-backend-deployed\\utils\\email.js": {"path":"C:\\Darbai\\6 semestras\\owly-backend-deployed\\utils\\email.js","statementMap":{"0":{"start":{"line":1,"column":19},"end":{"line":1,"column":40}},"1":{"start":{"line":2,"column":12},"end":{"line":2,"column":26}},"2":{"start":{"line":3,"column":23},"end":{"line":3,"column":46}},"3":{"start":{"line":5,"column":0},"end":{"line":60,"column":2}},"4":{"start":{"line":7,"column":4},"end":{"line":9,"column":27}},"5":{"start":{"line":8,"column":32},"end":{"line":8,"column":39}},"6":{"start":{"line":10,"column":4},"end":{"line":10,"column":71}},"7":{"start":{"line":11,"column":4},"end":{"line":11,"column":19}},"8":{"start":{"line":12,"column":4},"end":{"line":12,"column":64}},"9":{"start":{"line":16,"column":4},"end":{"line":23,"column":7}},"10":{"start":{"line":29,"column":17},"end":{"line":37,"column":5}},"11":{"start":{"line":40,"column":24},"end":{"line":46,"column":5}},"12":{"start":{"line":49,"column":4},"end":{"line":49,"column":33}},"13":{"start":{"line":50,"column":4},"end":{"line":50,"column":52}},"14":{"start":{"line":54,"column":4},"end":{"line":54,"column":55}},"15":{"start":{"line":58,"column":4},"end":{"line":58,"column":74}}},"fnMap":{"0":{"name":"(anonymous_0)","decl":{"start":{"line":6,"column":2},"end":{"line":6,"column":3}},"loc":{"start":{"line":6,"column":45},"end":{"line":13,"column":3}},"line":6},"1":{"name":"(anonymous_1)","decl":{"start":{"line":8,"column":25},"end":{"line":8,"column":26}},"loc":{"start":{"line":8,"column":32},"end":{"line":8,"column":39}},"line":8},"2":{"name":"(anonymous_2)","decl":{"start":{"line":15,"column":2},"end":{"line":15,"column":3}},"loc":{"start":{"line":15,"column":17},"end":{"line":24,"column":3}},"line":15},"3":{"name":"(anonymous_3)","decl":{"start":{"line":27,"column":2},"end":{"line":27,"column":3}},"loc":{"start":{"line":27,"column":41},"end":{"line":51,"column":3}},"line":27},"4":{"name":"(anonymous_4)","decl":{"start":{"line":53,"column":2},"end":{"line":53,"column":3}},"loc":{"start":{"line":53,"column":29},"end":{"line":55,"column":3}},"line":53},"5":{"name":"(anonymous_5)","decl":{"start":{"line":57,"column":2},"end":{"line":57,"column":3}},"loc":{"start":{"line":57,"column":36},"end":{"line":59,"column":3}},"line":57}},"branchMap":{"0":{"loc":{"start":{"line":7,"column":14},"end":{"line":9,"column":26}},"type":"cond-expr","locations":[{"start":{"line":8,"column":8},"end":{"line":8,"column":40}},{"start":{"line":9,"column":8},"end":{"line":9,"column":26}}],"line":7}},"s":{"0":2,"1":2,"2":2,"3":2,"4":0,"5":0,"6":0,"7":0,"8":0,"9":0,"10":0,"11":0,"12":0,"13":0,"14":0,"15":0},"f":{"0":0,"1":0,"2":0,"3":0,"4":0,"5":0},"b":{"0":[0,0]},"_coverageSchema":"1a1c01bbd47fc00a2c39e90264f33305004495a9","hash":"7d14c72bedc9c25e2bc9bdf6a8931f0dccf9a09b"}
}
