TN:
SF:config\config.js
FNF:0
FNH:0
DA:1,2
DA:2,2
LF:2
LH:2
BRF:0
BRH:0
end_of_record
TN:
SF:controllers\activitiesController.js
FN:18,(anonymous_0)
FN:21,(anonymous_1)
FN:36,(anonymous_2)
FN:41,(anonymous_3)
FN:69,(anonymous_4)
FN:113,(anonymous_5)
FN:137,(anonymous_6)
FN:149,(anonymous_7)
FN:151,(anonymous_8)
FN:168,(anonymous_9)
FN:178,(anonymous_10)
FN:182,(anonymous_11)
FN:197,(anonymous_12)
FN:224,(anonymous_13)
FN:233,(anonymous_14)
FN:245,(anonymous_15)
FNF:16
FNH:6
FNDA:0,(anonymous_0)
FNDA:0,(anonymous_1)
FNDA:0,(anonymous_2)
FNDA:2,(anonymous_3)
FNDA:3,(anonymous_4)
FNDA:3,(anonymous_5)
FNDA:4,(anonymous_6)
FNDA:4,(anonymous_7)
FNDA:6,(anonymous_8)
FNDA:0,(anonymous_9)
FNDA:0,(anonymous_10)
FNDA:0,(anonymous_11)
FNDA:0,(anonymous_12)
FNDA:0,(anonymous_13)
FNDA:0,(anonymous_14)
FNDA:0,(anonymous_15)
DA:1,1
DA:2,1
DA:10,1
DA:11,1
DA:12,1
DA:13,1
DA:14,1
DA:17,1
DA:19,0
DA:22,0
DA:29,1
DA:34,1
DA:36,1
DA:37,0
DA:38,0
DA:41,1
DA:42,2
DA:44,2
DA:62,2
DA:63,1
DA:66,1
DA:69,1
DA:70,3
DA:72,3
DA:74,3
DA:75,1
DA:78,2
DA:102,2
DA:103,1
DA:110,1
DA:113,1
DA:114,3
DA:116,3
DA:125,3
DA:126,2
DA:134,1
DA:137,1
DA:138,4
DA:140,4
DA:143,4
DA:144,2
DA:149,4
DA:150,2
DA:151,6
DA:153,2
DA:154,1
DA:165,3
DA:168,1
DA:169,0
DA:170,0
DA:171,0
DA:178,0
DA:179,0
DA:181,0
DA:182,0
DA:187,0
DA:189,0
DA:192,0
DA:197,1
DA:198,0
DA:200,0
DA:202,0
DA:203,0
DA:206,0
DA:215,0
DA:216,0
DA:224,0
DA:225,0
DA:227,0
DA:228,0
DA:233,0
DA:238,0
DA:242,0
DA:245,1
DA:246,0
DA:248,0
DA:250,0
DA:251,0
DA:254,0
DA:263,0
DA:264,0
DA:271,0
DA:273,0
LF:83
LH:46
BRDA:62,0,0,1
BRDA:62,0,1,1
BRDA:74,1,0,1
BRDA:74,1,1,2
BRDA:102,2,0,1
BRDA:102,2,1,1
BRDA:125,3,0,2
BRDA:125,3,1,1
BRDA:125,4,0,3
BRDA:125,4,1,1
BRDA:138,5,0,4
BRDA:138,5,1,1
BRDA:143,6,0,2
BRDA:143,6,1,2
BRDA:143,7,0,4
BRDA:143,7,1,4
BRDA:153,8,0,1
BRDA:153,8,1,1
BRDA:173,9,0,0
BRDA:173,9,1,0
BRDA:181,10,0,0
BRDA:181,10,1,0
BRDA:202,11,0,0
BRDA:202,11,1,0
BRDA:215,12,0,0
BRDA:215,12,1,0
BRDA:227,13,0,0
BRDA:227,13,1,0
BRDA:227,14,0,0
BRDA:227,14,1,0
BRDA:250,15,0,0
BRDA:250,15,1,0
BRDA:263,16,0,0
BRDA:263,16,1,0
BRF:34
BRH:18
end_of_record
TN:
SF:controllers\meetingController.js
FN:11,(anonymous_0)
FN:14,(anonymous_1)
FN:26,(anonymous_2)
FN:31,(anonymous_3)
FN:69,(anonymous_4)
FN:85,(anonymous_5)
FN:98,(anonymous_6)
FN:100,(anonymous_7)
FN:118,(anonymous_8)
FN:126,(anonymous_9)
FN:133,(anonymous_10)
FN:150,(anonymous_11)
FN:166,(anonymous_12)
FN:179,(anonymous_13)
FN:189,(anonymous_14)
FN:205,(anonymous_15)
FNF:16
FNH:6
FNDA:0,(anonymous_0)
FNDA:0,(anonymous_1)
FNDA:0,(anonymous_2)
FNDA:2,(anonymous_3)
FNDA:3,(anonymous_4)
FNDA:2,(anonymous_5)
FNDA:7,(anonymous_6)
FNDA:10,(anonymous_7)
FNDA:0,(anonymous_8)
FNDA:0,(anonymous_9)
FNDA:0,(anonymous_10)
FNDA:2,(anonymous_11)
FNDA:0,(anonymous_12)
FNDA:0,(anonymous_13)
FNDA:0,(anonymous_14)
FNDA:0,(anonymous_15)
DA:1,1
DA:2,1
DA:3,1
DA:4,1
DA:5,1
DA:6,1
DA:7,1
DA:10,1
DA:12,0
DA:15,0
DA:19,1
DA:24,1
DA:26,1
DA:27,0
DA:28,0
DA:31,1
DA:32,2
DA:34,2
DA:61,2
DA:62,1
DA:66,1
DA:69,1
DA:71,3
DA:77,3
DA:82,3
DA:85,1
DA:86,2
DA:87,2
DA:89,2
DA:92,2
DA:93,2
DA:98,7
DA:99,2
DA:100,10
DA:102,2
DA:103,1
DA:114,1
DA:118,1
DA:119,0
DA:121,0
DA:126,0
DA:127,0
DA:131,0
DA:133,0
DA:139,0
DA:141,0
DA:144,0
DA:150,1
DA:151,2
DA:159,2
DA:160,1
DA:163,1
DA:166,1
DA:167,0
DA:168,0
DA:169,0
DA:170,0
DA:171,0
DA:173,0
DA:174,0
DA:175,0
DA:179,0
DA:180,0
DA:183,0
DA:188,0
DA:189,0
DA:195,0
DA:199,0
DA:200,0
DA:205,0
DA:210,0
DA:214,0
DA:215,0
LF:73
LH:40
BRDA:61,0,0,1
BRDA:61,0,1,1
BRDA:71,1,0,2
BRDA:71,1,1,1
BRDA:72,2,0,1
BRDA:72,2,1,1
BRDA:86,3,0,2
BRDA:86,3,1,0
BRDA:87,4,0,2
BRDA:87,4,1,0
BRDA:92,5,0,2
BRDA:92,5,1,0
BRDA:92,6,0,2
BRDA:92,6,1,2
BRDA:102,7,0,1
BRDA:102,7,1,1
BRDA:131,8,0,0
BRDA:131,8,1,0
BRDA:159,9,0,1
BRDA:159,9,1,1
BRDA:169,10,0,0
BRDA:169,10,1,0
BRDA:170,11,0,0
BRDA:170,11,1,0
BRDA:174,12,0,0
BRDA:174,12,1,0
BRDA:188,13,0,0
BRDA:188,13,1,0
BRDA:188,14,0,0
BRDA:188,14,1,0
BRDA:199,15,0,0
BRDA:199,15,1,0
BRDA:199,16,0,0
BRDA:199,16,1,0
BRF:34
BRH:15
end_of_record
TN:
SF:models\activity.js
FN:3,(anonymous_0)
FN:5,(anonymous_1)
FN:33,(anonymous_2)
FN:46,(anonymous_3)
FNF:4
FNH:2
FNDA:2,(anonymous_0)
FNDA:2,(anonymous_1)
FNDA:0,(anonymous_2)
FNDA:0,(anonymous_3)
DA:1,2
DA:3,2
DA:6,2
DA:7,2
DA:8,2
DA:9,2
DA:12,2
DA:34,0
DA:35,0
DA:36,0
DA:37,0
DA:47,0
DA:48,0
DA:49,0
DA:83,2
LF:15
LH:8
BRDA:36,0,0,0
BRDA:36,0,1,0
BRDA:48,1,0,0
BRDA:48,1,1,0
BRF:4
BRH:0
end_of_record
TN:
SF:models\image.js
FN:3,(anonymous_0)
FN:8,(anonymous_1)
FNF:2
FNH:2
FNDA:2,(anonymous_0)
FNDA:2,(anonymous_1)
DA:2,2
DA:3,2
DA:9,2
DA:10,2
DA:13,2
DA:41,2
LF:6
LH:6
BRF:0
BRH:0
end_of_record
TN:
SF:models\index.js
FN:25,(anonymous_0)
FN:30,(anonymous_1)
FN:38,(anonymous_2)
FNF:3
FNH:3
FNDA:20,(anonymous_0)
FNDA:18,(anonymous_1)
FNDA:18,(anonymous_2)
DA:3,2
DA:4,2
DA:5,2
DA:6,2
DA:7,2
DA:8,2
DA:9,2
DA:10,2
DA:13,2
DA:14,0
DA:16,2
DA:24,2
DA:26,20
DA:31,18
DA:35,18
DA:38,2
DA:39,18
DA:40,16
DA:44,2
DA:45,2
DA:47,2
LF:21
LH:20
BRDA:8,0,0,2
BRDA:8,0,1,0
BRDA:13,1,0,0
BRDA:13,1,1,2
BRDA:27,2,0,20
BRDA:27,2,1,20
BRDA:27,2,2,18
BRDA:39,3,0,16
BRDA:39,3,1,2
BRF:9
BRH:7
end_of_record
TN:
SF:models\meeting.js
FN:4,(anonymous_0)
FN:6,(anonymous_1)
FN:40,(anonymous_2)
FN:54,(anonymous_3)
FNF:4
FNH:2
FNDA:2,(anonymous_0)
FNDA:2,(anonymous_1)
FNDA:0,(anonymous_2)
FNDA:0,(anonymous_3)
DA:2,2
DA:4,2
DA:7,2
DA:8,2
DA:13,2
DA:24,2
DA:41,0
DA:42,0
DA:43,0
DA:44,0
DA:55,0
DA:56,0
DA:57,0
DA:91,2
LF:14
LH:7
BRDA:43,0,0,0
BRDA:43,0,1,0
BRDA:56,1,0,0
BRDA:56,1,1,0
BRF:4
BRH:0
end_of_record
TN:
SF:models\participant.js
FN:3,(anonymous_0)
FN:5,(anonymous_1)
FNF:2
FNH:2
FNDA:2,(anonymous_0)
FNDA:2,(anonymous_1)
DA:1,2
DA:3,2
DA:9,2
DA:39,2
LF:4
LH:4
BRF:0
BRH:0
end_of_record
TN:
SF:models\resswordreset.js
FN:3,(anonymous_0)
FNF:1
FNH:1
FNDA:2,(anonymous_0)
DA:2,2
DA:3,2
DA:6,2
DA:28,2
LF:4
LH:4
BRF:0
BRH:0
end_of_record
TN:
SF:models\school.js
FN:3,(anonymous_0)
FN:5,(anonymous_1)
FNF:2
FNH:2
FNDA:2,(anonymous_0)
FNDA:2,(anonymous_1)
DA:2,2
DA:3,2
DA:6,2
DA:7,2
DA:10,2
DA:35,2
LF:6
LH:6
BRF:0
BRH:0
end_of_record
TN:
SF:models\supervisor.js
FN:3,(anonymous_0)
FN:5,(anonymous_1)
FNF:2
FNH:2
FNDA:2,(anonymous_0)
FNDA:2,(anonymous_1)
DA:2,2
DA:3,2
DA:9,2
DA:38,2
LF:4
LH:4
BRF:0
BRH:0
end_of_record
TN:
SF:models\user.js
FN:5,(anonymous_0)
FN:7,(anonymous_1)
FN:11,(anonymous_2)
FNF:3
FNH:2
FNDA:2,(anonymous_0)
FNDA:0,(anonymous_1)
FNDA:2,(anonymous_2)
DA:1,2
DA:2,2
DA:3,2
DA:5,2
DA:8,0
DA:12,2
DA:15,2
DA:24,2
DA:25,2
DA:26,2
DA:30,2
DA:76,2
LF:12
LH:11
BRF:0
BRH:0
end_of_record
TN:
SF:models\userrole.js
FN:3,(anonymous_0)
FN:8,(anonymous_1)
FNF:2
FNH:2
FNDA:2,(anonymous_0)
FNDA:2,(anonymous_1)
DA:2,2
DA:3,2
DA:9,2
DA:12,2
DA:31,2
LF:5
LH:5
BRF:0
BRH:0
end_of_record
TN:
SF:utils\AppError.js
FN:2,(anonymous_0)
FNF:1
FNH:1
FNDA:18,(anonymous_0)
DA:3,18
DA:5,18
DA:6,18
DA:8,18
DA:12,2
LF:5
LH:5
BRF:0
BRH:0
end_of_record
TN:
SF:utils\catchAsync.js
FN:1,(anonymous_0)
FN:2,(anonymous_1)
FN:3,(anonymous_2)
FNF:3
FNH:2
FNDA:7,(anonymous_0)
FNDA:9,(anonymous_1)
FNDA:0,(anonymous_2)
DA:1,1
DA:2,7
DA:3,9
LF:3
LH:3
BRF:0
BRH:0
end_of_record
TN:
SF:utils\deleteFilesThatStartWith.js
FN:4,(anonymous_0)
FN:19,(anonymous_1)
FN:20,(anonymous_2)
FNF:3
FNH:0
FNDA:0,(anonymous_0)
FNDA:0,(anonymous_1)
FNDA:0,(anonymous_2)
DA:1,2
DA:2,2
DA:4,2
DA:5,0
DA:11,0
DA:13,0
DA:15,0
DA:17,0
DA:18,0
DA:19,0
DA:20,0
DA:22,0
LF:12
LH:3
BRDA:15,0,0,0
BRDA:15,0,1,0
BRF:2
BRH:0
end_of_record
