TN:
SF:app.js
FN:23,(anonymous_0)
FNF:1
FNH:0
FNDA:0,(anonymous_0)
DA:1,2
DA:2,2
DA:3,2
DA:4,2
DA:5,2
DA:6,2
DA:7,2
DA:8,2
DA:10,2
DA:13,2
DA:14,2
DA:15,2
DA:16,2
DA:19,2
DA:20,2
DA:21,2
DA:23,2
DA:24,0
DA:29,2
DA:32,2
LF:20
LH:19
BRF:0
BRH:0
end_of_record
TN:
SF:config\config.js
FNF:0
FNH:0
DA:1,4
DA:2,4
LF:2
LH:2
BRF:0
BRH:0
end_of_record
TN:
SF:controllers\activitiesController.js
FN:24,(anonymous_0)
FN:27,(anonymous_1)
FN:42,(anonymous_2)
FN:70,(anonymous_3)
FN:114,(anonymous_4)
FN:138,(anonymous_5)
FN:150,(anonymous_6)
FN:152,(anonymous_7)
FN:168,(anonymous_8)
FN:178,(anonymous_9)
FN:182,(anonymous_10)
FN:197,(anonymous_11)
FN:224,(anonymous_12)
FN:233,(anonymous_13)
FN:244,(anonymous_14)
FN:247,(anonymous_15)
FN:260,(anonymous_16)
FNF:17
FNH:9
FNDA:0,(anonymous_0)
FNDA:0,(anonymous_1)
FNDA:2,(anonymous_2)
FNDA:3,(anonymous_3)
FNDA:3,(anonymous_4)
FNDA:5,(anonymous_5)
FNDA:6,(anonymous_6)
FNDA:8,(anonymous_7)
FNDA:1,(anonymous_8)
FNDA:1,(anonymous_9)
FNDA:2,(anonymous_10)
FNDA:0,(anonymous_11)
FNDA:0,(anonymous_12)
FNDA:0,(anonymous_13)
FNDA:0,(anonymous_14)
FNDA:0,(anonymous_15)
FNDA:0,(anonymous_16)
DA:1,3
DA:2,3
DA:10,3
DA:11,3
DA:12,3
DA:13,3
DA:14,3
DA:16,3
DA:23,3
DA:25,0
DA:28,0
DA:35,3
DA:40,3
DA:42,3
DA:43,2
DA:45,2
DA:63,2
DA:64,1
DA:67,1
DA:70,3
DA:71,3
DA:73,3
DA:75,3
DA:76,1
DA:79,2
DA:103,2
DA:104,1
DA:111,1
DA:114,3
DA:115,3
DA:117,3
DA:126,3
DA:127,2
DA:135,1
DA:138,3
DA:139,5
DA:141,5
DA:144,5
DA:145,3
DA:150,6
DA:151,3
DA:152,8
DA:154,3
DA:155,1
DA:165,4
DA:168,3
DA:169,1
DA:170,1
DA:171,1
DA:178,1
DA:179,1
DA:181,1
DA:182,2
DA:187,1
DA:189,1
DA:192,1
DA:197,3
DA:198,0
DA:200,0
DA:202,0
DA:203,0
DA:206,0
DA:215,0
DA:216,0
DA:224,0
DA:225,0
DA:227,0
DA:228,0
DA:232,0
DA:234,0
DA:238,0
DA:243,0
DA:244,0
DA:247,0
DA:253,0
DA:257,0
DA:260,3
DA:261,0
DA:263,0
DA:265,0
DA:266,0
DA:269,0
DA:278,0
DA:279,0
DA:286,0
DA:288,0
LF:86
LH:56
BRDA:63,0,0,1
BRDA:63,0,1,1
BRDA:75,1,0,1
BRDA:75,1,1,2
BRDA:103,2,0,1
BRDA:103,2,1,1
BRDA:126,3,0,2
BRDA:126,3,1,1
BRDA:126,4,0,3
BRDA:126,4,1,1
BRDA:139,5,0,5
BRDA:139,5,1,1
BRDA:144,6,0,3
BRDA:144,6,1,2
BRDA:144,7,0,5
BRDA:144,7,1,5
BRDA:154,8,0,1
BRDA:154,8,1,2
BRDA:173,9,0,1
BRDA:173,9,1,0
BRDA:181,10,0,0
BRDA:181,10,1,1
BRDA:202,11,0,0
BRDA:202,11,1,0
BRDA:215,12,0,0
BRDA:215,12,1,0
BRDA:227,13,0,0
BRDA:227,13,1,0
BRDA:227,14,0,0
BRDA:227,14,1,0
BRDA:265,15,0,0
BRDA:265,15,1,0
BRDA:278,16,0,0
BRDA:278,16,1,0
BRF:34
BRH:20
end_of_record
TN:
SF:controllers\authController.js
FN:7,(anonymous_0)
FN:31,(anonymous_1)
FN:32,(anonymous_2)
FN:45,(anonymous_3)
FNF:4
FNH:3
FNDA:3,(anonymous_0)
FNDA:12,(anonymous_1)
FNDA:0,(anonymous_2)
FNDA:4,(anonymous_3)
DA:1,2
DA:2,2
DA:3,2
DA:4,2
DA:5,2
DA:7,2
DA:8,3
DA:11,3
DA:12,1
DA:16,2
DA:18,2
DA:23,1
DA:27,1
DA:30,2
DA:32,12
DA:33,0
DA:34,0
DA:42,0
DA:45,2
DA:48,4
DA:52,3
DA:53,1
DA:54,0
DA:57,4
DA:58,1
DA:66,3
DA:67,3
DA:69,1
DA:75,2
DA:76,2
DA:77,2
DA:78,1
DA:84,1
DA:85,1
DA:86,1
DA:87,1
DA:88,1
LF:37
LH:33
BRDA:11,0,0,1
BRDA:11,0,1,2
BRDA:11,1,0,3
BRDA:11,1,1,2
BRDA:18,2,0,1
BRDA:18,2,1,1
BRDA:19,3,0,2
BRDA:19,3,1,1
BRDA:19,3,2,1
BRDA:33,4,0,0
BRDA:33,4,1,0
BRDA:48,5,0,3
BRDA:48,5,1,1
BRDA:49,6,0,4
BRDA:49,6,1,3
BRDA:53,7,0,0
BRDA:53,7,1,1
BRDA:57,8,0,1
BRDA:57,8,1,3
BRDA:77,9,0,1
BRDA:77,9,1,1
BRF:21
BRH:18
end_of_record
TN:
SF:controllers\errorController.js
FN:1,(anonymous_0)
FN:7,(anonymous_1)
FNF:2
FNH:1
FNDA:5,(anonymous_0)
FNDA:0,(anonymous_1)
DA:1,2
DA:2,5
DA:3,5
DA:5,5
DA:6,0
DA:7,0
DA:10,5
LF:7
LH:5
BRDA:2,0,0,5
BRDA:2,0,1,0
BRDA:3,1,0,5
BRDA:3,1,1,5
BRDA:5,2,0,0
BRDA:5,2,1,5
BRF:6
BRH:4
end_of_record
TN:
SF:controllers\meetingController.js
FN:18,(anonymous_0)
FN:21,(anonymous_1)
FN:33,(anonymous_2)
FN:71,(anonymous_3)
FN:87,(anonymous_4)
FN:100,(anonymous_5)
FN:102,(anonymous_6)
FN:120,(anonymous_7)
FN:128,(anonymous_8)
FN:135,(anonymous_9)
FN:152,(anonymous_10)
FN:168,(anonymous_11)
FN:181,(anonymous_12)
FN:191,(anonymous_13)
FN:208,(anonymous_14)
FN:220,(anonymous_15)
FN:223,(anonymous_16)
FNF:17
FNH:6
FNDA:0,(anonymous_0)
FNDA:0,(anonymous_1)
FNDA:2,(anonymous_2)
FNDA:3,(anonymous_3)
FNDA:2,(anonymous_4)
FNDA:7,(anonymous_5)
FNDA:10,(anonymous_6)
FNDA:0,(anonymous_7)
FNDA:0,(anonymous_8)
FNDA:0,(anonymous_9)
FNDA:2,(anonymous_10)
FNDA:0,(anonymous_11)
FNDA:0,(anonymous_12)
FNDA:0,(anonymous_13)
FNDA:0,(anonymous_14)
FNDA:0,(anonymous_15)
FNDA:0,(anonymous_16)
DA:1,3
DA:2,3
DA:3,3
DA:4,3
DA:5,3
DA:6,3
DA:7,3
DA:8,3
DA:10,3
DA:17,3
DA:19,0
DA:22,0
DA:26,3
DA:31,3
DA:33,3
DA:34,2
DA:36,2
DA:63,2
DA:64,1
DA:68,1
DA:71,3
DA:73,3
DA:79,3
DA:84,3
DA:87,3
DA:88,2
DA:89,2
DA:91,2
DA:94,2
DA:95,2
DA:100,7
DA:101,2
DA:102,10
DA:104,2
DA:105,1
DA:116,1
DA:120,3
DA:121,0
DA:123,0
DA:128,0
DA:129,0
DA:133,0
DA:135,0
DA:141,0
DA:143,0
DA:146,0
DA:152,3
DA:153,2
DA:161,2
DA:162,1
DA:165,1
DA:168,3
DA:169,0
DA:170,0
DA:171,0
DA:172,0
DA:173,0
DA:175,0
DA:176,0
DA:177,0
DA:181,0
DA:182,0
DA:185,0
DA:190,0
DA:191,0
DA:197,0
DA:200,0
DA:202,0
DA:207,0
DA:209,0
DA:213,0
DA:219,0
DA:220,0
DA:223,0
DA:229,0
DA:233,0
DA:234,0
LF:77
LH:41
BRDA:63,0,0,1
BRDA:63,0,1,1
BRDA:73,1,0,2
BRDA:73,1,1,1
BRDA:74,2,0,1
BRDA:74,2,1,1
BRDA:88,3,0,2
BRDA:88,3,1,0
BRDA:89,4,0,2
BRDA:89,4,1,0
BRDA:94,5,0,2
BRDA:94,5,1,0
BRDA:94,6,0,2
BRDA:94,6,1,2
BRDA:104,7,0,1
BRDA:104,7,1,1
BRDA:133,8,0,0
BRDA:133,8,1,0
BRDA:161,9,0,1
BRDA:161,9,1,1
BRDA:171,10,0,0
BRDA:171,10,1,0
BRDA:172,11,0,0
BRDA:172,11,1,0
BRDA:176,12,0,0
BRDA:176,12,1,0
BRDA:190,13,0,0
BRDA:190,13,1,0
BRDA:190,14,0,0
BRDA:190,14,1,0
BRDA:200,15,0,0
BRDA:200,15,1,0
BRDA:200,16,0,0
BRDA:200,16,1,0
BRF:34
BRH:15
end_of_record
TN:
SF:controllers\schoolsController.js
FN:7,(anonymous_0)
FN:45,(anonymous_1)
FN:64,(anonymous_2)
FN:68,(anonymous_3)
FN:80,(anonymous_4)
FNF:5
FNH:0
FNDA:0,(anonymous_0)
FNDA:0,(anonymous_1)
FNDA:0,(anonymous_2)
FNDA:0,(anonymous_3)
FNDA:0,(anonymous_4)
DA:1,2
DA:2,2
DA:3,2
DA:4,2
DA:5,2
DA:7,2
DA:9,0
DA:16,0
DA:24,0
DA:31,0
DA:37,0
DA:45,2
DA:46,0
DA:48,0
DA:50,0
DA:51,0
DA:54,0
DA:56,0
DA:61,0
DA:64,2
DA:65,0
DA:67,0
DA:69,0
DA:70,0
DA:77,0
DA:80,2
DA:81,0
DA:83,0
LF:28
LH:9
BRDA:50,0,0,0
BRDA:50,0,1,0
BRF:2
BRH:0
end_of_record
TN:
SF:controllers\userController.js
FN:10,(anonymous_0)
FN:18,(anonymous_1)
FN:27,(anonymous_2)
FN:78,(anonymous_3)
FN:105,(anonymous_4)
FN:125,(anonymous_5)
FN:140,(anonymous_6)
FN:158,(anonymous_7)
FNF:8
FNH:0
FNDA:0,(anonymous_0)
FNDA:0,(anonymous_1)
FNDA:0,(anonymous_2)
FNDA:0,(anonymous_3)
FNDA:0,(anonymous_4)
FNDA:0,(anonymous_5)
FNDA:0,(anonymous_6)
FNDA:0,(anonymous_7)
DA:1,2
DA:2,2
DA:3,2
DA:4,2
DA:5,2
DA:6,2
DA:7,2
DA:8,2
DA:10,2
DA:11,0
DA:18,0
DA:19,0
DA:20,0
DA:21,0
DA:24,0
DA:27,2
DA:29,0
DA:30,0
DA:32,0
DA:33,0
DA:37,0
DA:38,0
DA:41,0
DA:49,0
DA:54,0
DA:55,0
DA:59,0
DA:60,0
DA:62,0
DA:67,0
DA:69,0
DA:78,2
DA:79,0
DA:81,0
DA:82,0
DA:86,0
DA:92,0
DA:93,0
DA:94,0
DA:99,0
DA:100,0
DA:102,0
DA:105,2
DA:106,0
DA:113,0
DA:115,0
DA:116,0
DA:118,0
DA:119,0
DA:120,0
DA:122,0
DA:125,2
DA:126,0
DA:128,0
DA:129,0
DA:133,0
DA:137,0
DA:140,2
DA:141,0
DA:143,0
DA:145,0
DA:158,2
DA:159,0
DA:161,0
DA:162,0
DA:166,0
DA:168,0
LF:67
LH:15
BRDA:20,0,0,0
BRDA:20,0,1,0
BRDA:32,1,0,0
BRDA:32,1,1,0
BRDA:37,2,0,0
BRDA:37,2,1,0
BRDA:81,3,0,0
BRDA:81,3,1,0
BRDA:93,4,0,0
BRDA:93,4,1,0
BRDA:113,5,0,0
BRDA:113,5,1,0
BRDA:116,6,0,0
BRDA:116,6,1,0
BRDA:128,7,0,0
BRDA:128,7,1,0
BRDA:161,8,0,0
BRDA:161,8,1,0
BRF:18
BRH:0
end_of_record
TN:
SF:models\activity.js
FN:3,(anonymous_0)
FN:5,(anonymous_1)
FN:33,(anonymous_2)
FN:46,(anonymous_3)
FNF:4
FNH:3
FNDA:4,(anonymous_0)
FNDA:4,(anonymous_1)
FNDA:1,(anonymous_2)
FNDA:0,(anonymous_3)
DA:1,4
DA:3,4
DA:6,4
DA:7,4
DA:8,4
DA:9,4
DA:12,4
DA:34,1
DA:35,1
DA:36,1
DA:37,0
DA:47,0
DA:48,0
DA:49,0
DA:83,4
LF:15
LH:11
BRDA:36,0,0,0
BRDA:36,0,1,1
BRDA:48,1,0,0
BRDA:48,1,1,0
BRF:4
BRH:1
end_of_record
TN:
SF:models\image.js
FN:3,(anonymous_0)
FN:8,(anonymous_1)
FNF:2
FNH:2
FNDA:4,(anonymous_0)
FNDA:4,(anonymous_1)
DA:2,4
DA:3,4
DA:9,4
DA:10,4
DA:13,4
DA:45,4
LF:6
LH:6
BRF:0
BRH:0
end_of_record
TN:
SF:models\index.js
FN:25,(anonymous_0)
FN:30,(anonymous_1)
FN:38,(anonymous_2)
FNF:3
FNH:3
FNDA:36,(anonymous_0)
FNDA:32,(anonymous_1)
FNDA:32,(anonymous_2)
DA:3,4
DA:4,4
DA:5,4
DA:6,4
DA:7,4
DA:8,4
DA:9,4
DA:10,4
DA:13,4
DA:14,0
DA:16,4
DA:24,4
DA:26,36
DA:31,32
DA:35,32
DA:38,4
DA:39,32
DA:40,32
DA:44,4
DA:45,4
DA:47,4
LF:21
LH:20
BRDA:8,0,0,4
BRDA:8,0,1,0
BRDA:13,1,0,0
BRDA:13,1,1,4
BRDA:27,2,0,36
BRDA:27,2,1,36
BRDA:27,2,2,32
BRDA:39,3,0,32
BRDA:39,3,1,0
BRF:9
BRH:6
end_of_record
TN:
SF:models\meeting.js
FN:4,(anonymous_0)
FN:6,(anonymous_1)
FN:40,(anonymous_2)
FN:54,(anonymous_3)
FNF:4
FNH:2
FNDA:4,(anonymous_0)
FNDA:4,(anonymous_1)
FNDA:0,(anonymous_2)
FNDA:0,(anonymous_3)
DA:2,4
DA:4,4
DA:7,4
DA:8,4
DA:13,4
DA:24,4
DA:41,0
DA:42,0
DA:43,0
DA:44,0
DA:55,0
DA:56,0
DA:57,0
DA:91,4
LF:14
LH:7
BRDA:43,0,0,0
BRDA:43,0,1,0
BRDA:56,1,0,0
BRDA:56,1,1,0
BRF:4
BRH:0
end_of_record
TN:
SF:models\participant.js
FN:3,(anonymous_0)
FN:5,(anonymous_1)
FNF:2
FNH:2
FNDA:4,(anonymous_0)
FNDA:4,(anonymous_1)
DA:1,4
DA:3,4
DA:9,4
DA:39,4
LF:4
LH:4
BRF:0
BRH:0
end_of_record
TN:
SF:models\school.js
FN:3,(anonymous_0)
FN:5,(anonymous_1)
FNF:2
FNH:2
FNDA:4,(anonymous_0)
FNDA:4,(anonymous_1)
DA:2,4
DA:3,4
DA:6,4
DA:7,4
DA:10,4
DA:35,4
LF:6
LH:6
BRF:0
BRH:0
end_of_record
TN:
SF:models\supervisor.js
FN:3,(anonymous_0)
FN:5,(anonymous_1)
FNF:2
FNH:2
FNDA:4,(anonymous_0)
FNDA:4,(anonymous_1)
DA:2,4
DA:3,4
DA:9,4
DA:38,4
LF:4
LH:4
BRF:0
BRH:0
end_of_record
TN:
SF:models\user.js
FN:5,(anonymous_0)
FN:7,(anonymous_1)
FN:11,(anonymous_2)
FNF:3
FNH:3
FNDA:4,(anonymous_0)
FNDA:1,(anonymous_1)
FNDA:4,(anonymous_2)
DA:1,4
DA:2,4
DA:3,4
DA:5,4
DA:8,1
DA:12,4
DA:15,4
DA:24,4
DA:25,4
DA:26,4
DA:30,4
DA:76,4
LF:12
LH:12
BRF:0
BRH:0
end_of_record
TN:
SF:models\userrole.js
FN:3,(anonymous_0)
FN:8,(anonymous_1)
FNF:2
FNH:2
FNDA:4,(anonymous_0)
FNDA:4,(anonymous_1)
DA:2,4
DA:3,4
DA:9,4
DA:12,4
DA:31,4
LF:5
LH:5
BRF:0
BRH:0
end_of_record
TN:
SF:routes\activitiesRoutes.js
FNF:0
FNH:0
DA:1,2
DA:2,2
DA:3,2
DA:5,2
DA:7,2
DA:9,2
DA:17,2
DA:27,2
LF:8
LH:8
BRF:0
BRH:0
end_of_record
TN:
SF:routes\meetingRoutes.js
FNF:0
FNH:0
DA:1,2
DA:2,2
DA:3,2
DA:5,2
DA:7,2
DA:9,2
DA:18,2
DA:28,2
LF:8
LH:8
BRF:0
BRH:0
end_of_record
TN:
SF:routes\schoolRoutes.js
FNF:0
FNH:0
DA:1,2
DA:2,2
DA:3,2
DA:5,2
DA:7,2
DA:9,2
DA:11,2
DA:12,2
DA:20,2
LF:9
LH:9
BRF:0
BRH:0
end_of_record
TN:
SF:routes\userRoutes.js
FNF:0
FNH:0
DA:1,2
DA:2,2
DA:3,2
DA:5,2
DA:7,2
DA:8,2
DA:11,2
DA:13,2
DA:19,2
DA:24,2
DA:26,2
DA:32,2
LF:12
LH:12
BRF:0
BRH:0
end_of_record
TN:
SF:seeders\schools.js
FN:4,(anonymous_0)
FN:24,(anonymous_1)
FNF:2
FNH:1
FNDA:2,(anonymous_0)
FNDA:0,(anonymous_1)
DA:3,2
DA:5,2
DA:25,0
LF:3
LH:2
BRF:0
BRH:0
end_of_record
TN:
SF:seeders\userroles.js
FN:4,(anonymous_0)
FN:21,(anonymous_1)
FNF:2
FNH:1
FNDA:2,(anonymous_0)
FNDA:0,(anonymous_1)
DA:3,2
DA:5,2
DA:22,0
LF:3
LH:2
BRF:0
BRH:0
end_of_record
TN:
SF:seeders\users.js
FN:6,(anonymous_0)
FN:42,(anonymous_1)
FNF:2
FNH:1
FNDA:2,(anonymous_0)
FNDA:0,(anonymous_1)
DA:3,2
DA:5,2
DA:7,2
DA:8,2
DA:9,2
DA:11,2
DA:43,0
LF:7
LH:6
BRF:0
BRH:0
end_of_record
TN:
SF:utils\AppError.js
FN:2,(anonymous_0)
FNF:1
FNH:1
FNDA:23,(anonymous_0)
DA:3,23
DA:5,23
DA:6,23
DA:8,23
DA:12,4
LF:5
LH:5
BRF:0
BRH:0
end_of_record
TN:
SF:utils\assignSchoolLevel.js
FN:1,(anonymous_0)
FNF:1
FNH:0
FNDA:0,(anonymous_0)
DA:1,2
DA:3,0
DA:5,0
DA:6,0
DA:7,0
DA:8,0
DA:9,0
LF:7
LH:1
BRDA:5,0,0,0
BRDA:5,0,1,0
BRDA:6,1,0,0
BRDA:6,1,1,0
BRDA:7,2,0,0
BRDA:7,2,1,0
BRDA:8,3,0,0
BRDA:8,3,1,0
BRF:8
BRH:0
end_of_record
TN:
SF:utils\catchAsync.js
FN:1,(anonymous_0)
FN:2,(anonymous_1)
FN:3,(anonymous_2)
FNF:3
FNH:2
FNDA:54,(anonymous_0)
FNDA:18,(anonymous_1)
FNDA:0,(anonymous_2)
DA:1,3
DA:2,54
DA:3,18
LF:3
LH:3
BRF:0
BRH:0
end_of_record
TN:
SF:utils\createSendToken.js
FN:3,(anonymous_0)
FN:8,(anonymous_1)
FNF:2
FNH:2
FNDA:1,(anonymous_0)
FNDA:1,(anonymous_1)
DA:1,2
DA:3,2
DA:4,1
DA:8,2
DA:9,1
DA:11,1
DA:15,1
DA:22,1
LF:8
LH:8
BRF:0
BRH:0
end_of_record
TN:
SF:utils\deleteFilesThatStartWith.js
FN:4,(anonymous_0)
FN:19,(anonymous_1)
FN:20,(anonymous_2)
FNF:3
FNH:0
FNDA:0,(anonymous_0)
FNDA:0,(anonymous_1)
FNDA:0,(anonymous_2)
DA:1,3
DA:2,3
DA:4,3
DA:5,0
DA:11,0
DA:13,0
DA:15,0
DA:17,0
DA:18,0
DA:19,0
DA:20,0
DA:22,0
LF:12
LH:3
BRDA:15,0,0,0
BRDA:15,0,1,0
BRF:2
BRH:0
end_of_record
TN:
SF:utils\email.js
FN:6,(anonymous_0)
FN:8,(anonymous_1)
FN:15,(anonymous_2)
FN:27,(anonymous_3)
FN:53,(anonymous_4)
FN:57,(anonymous_5)
FNF:6
FNH:0
FNDA:0,(anonymous_0)
FNDA:0,(anonymous_1)
FNDA:0,(anonymous_2)
FNDA:0,(anonymous_3)
FNDA:0,(anonymous_4)
FNDA:0,(anonymous_5)
DA:1,2
DA:2,2
DA:3,2
DA:5,2
DA:7,0
DA:8,0
DA:10,0
DA:11,0
DA:12,0
DA:16,0
DA:29,0
DA:40,0
DA:49,0
DA:50,0
DA:54,0
DA:58,0
LF:16
LH:4
BRDA:7,0,0,0
BRDA:7,0,1,0
BRF:2
BRH:0
end_of_record
